{"/mnt/data/servora_cov_work/apps/customer-app/src/features/ordering/OrderStatus.tsx": {"path":"/mnt/data/servora_cov_work/apps/customer-app/src/features/ordering/OrderStatus.tsx","all":false,"statementMap":{"0":{"start":{"line":1,"column":0},"end":{"line":1,"column":8}},"1":{"start":{"line":2,"column":0},"end":{"line":2,"column":11}},"2":{"start":{"line":3,"column":0},"end":{"line":3,"column":8}},"3":{"start":{"line":4,"column":0},"end":{"line":4,"column":14}},"4":{"start":{"line":5,"column":0},"end":{"line":5,"column":9}},"5":{"start":{"line":6,"column":0},"end":{"line":6,"column":11}},"6":{"start":{"line":7,"column":0},"end":{"line":7,"column":14}},"7":{"start":{"line":8,"column":0},"end":{"line":8,"column":18}},"8":{"start":{"line":9,"column":0},"end":{"line":9,"column":10}},"9":{"start":{"line":10,"column":0},"end":{"line":10,"column":22}},"10":{"start":{"line":11,"column":0},"end":{"line":11,"column":40}},"11":{"start":{"line":12,"column":0},"end":{"line":12,"column":64}},"12":{"start":{"line":13,"column":0},"end":{"line":13,"column":51}},"13":{"start":{"line":14,"column":0},"end":{"line":14,"column":58}},"14":{"start":{"line":15,"column":0},"end":{"line":15,"column":0}},"15":{"start":{"line":16,"column":0},"end":{"line":16,"column":41}},"16":{"start":{"line":17,"column":0},"end":{"line":17,"column":43}},"17":{"start":{"line":18,"column":0},"end":{"line":18,"column":49}},"18":{"start":{"line":19,"column":0},"end":{"line":19,"column":59}},"19":{"start":{"line":20,"column":0},"end":{"line":20,"column":26}},"20":{"start":{"line":21,"column":0},"end":{"line":21,"column":2}},"21":{"start":{"line":22,"column":0},"end":{"line":22,"column":0}},"22":{"start":{"line":23,"column":0},"end":{"line":23,"column":71}},"23":{"start":{"line":24,"column":0},"end":{"line":24,"column":39}},"24":{"start":{"line":25,"column":0},"end":{"line":25,"column":46}},"25":{"start":{"line":26,"column":0},"end":{"line":26,"column":21}},"26":{"start":{"line":27,"column":0},"end":{"line":27,"column":2}},"27":{"start":{"line":28,"column":0},"end":{"line":28,"column":0}},"28":{"start":{"line":29,"column":0},"end":{"line":29,"column":24}},"29":{"start":{"line":30,"column":0},"end":{"line":30,"column":64}},"30":{"start":{"line":31,"column":0},"end":{"line":31,"column":52}},"31":{"start":{"line":32,"column":0},"end":{"line":32,"column":63}},"32":{"start":{"line":33,"column":0},"end":{"line":33,"column":61}},"33":{"start":{"line":34,"column":0},"end":{"line":34,"column":11}},"34":{"start":{"line":35,"column":0},"end":{"line":35,"column":0}},"35":{"start":{"line":36,"column":0},"end":{"line":36,"column":29}},"36":{"start":{"line":37,"column":0},"end":{"line":37,"column":8}},"37":{"start":{"line":38,"column":0},"end":{"line":38,"column":7}},"38":{"start":{"line":39,"column":0},"end":{"line":39,"column":8}},"39":{"start":{"line":40,"column":0},"end":{"line":40,"column":16}},"40":{"start":{"line":41,"column":0},"end":{"line":41,"column":9}},"41":{"start":{"line":42,"column":0},"end":{"line":42,"column":7}},"42":{"start":{"line":43,"column":0},"end":{"line":43,"column":12}},"43":{"start":{"line":44,"column":0},"end":{"line":44,"column":14}},"44":{"start":{"line":45,"column":0},"end":{"line":45,"column":17}},"45":{"start":{"line":46,"column":0},"end":{"line":46,"column":8}},"46":{"start":{"line":47,"column":0},"end":{"line":47,"column":18}},"47":{"start":{"line":48,"column":0},"end":{"line":48,"column":4}},"48":{"start":{"line":49,"column":0},"end":{"line":49,"column":23}},"49":{"start":{"line":50,"column":0},"end":{"line":50,"column":31}},"50":{"start":{"line":51,"column":0},"end":{"line":51,"column":16}},"51":{"start":{"line":52,"column":0},"end":{"line":52,"column":24}},"52":{"start":{"line":53,"column":0},"end":{"line":53,"column":21}},"53":{"start":{"line":54,"column":0},"end":{"line":54,"column":16}},"54":{"start":{"line":55,"column":0},"end":{"line":55,"column":49}},"55":{"start":{"line":56,"column":0},"end":{"line":56,"column":23}},"56":{"start":{"line":57,"column":0},"end":{"line":57,"column":32}},"57":{"start":{"line":58,"column":0},"end":{"line":58,"column":21}},"58":{"start":{"line":59,"column":0},"end":{"line":59,"column":20}},"59":{"start":{"line":60,"column":0},"end":{"line":60,"column":7}},"60":{"start":{"line":61,"column":0},"end":{"line":61,"column":51}},"61":{"start":{"line":62,"column":0},"end":{"line":62,"column":55}},"62":{"start":{"line":63,"column":0},"end":{"line":63,"column":23}},"63":{"start":{"line":64,"column":0},"end":{"line":64,"column":64}},"64":{"start":{"line":65,"column":0},"end":{"line":65,"column":30}},"65":{"start":{"line":66,"column":0},"end":{"line":66,"column":6}},"66":{"start":{"line":67,"column":0},"end":{"line":67,"column":55}},"67":{"start":{"line":68,"column":0},"end":{"line":68,"column":4}},"68":{"start":{"line":69,"column":0},"end":{"line":69,"column":18}},"69":{"start":{"line":70,"column":0},"end":{"line":70,"column":30}},"70":{"start":{"line":71,"column":0},"end":{"line":71,"column":32}},"71":{"start":{"line":72,"column":0},"end":{"line":72,"column":33}},"72":{"start":{"line":73,"column":0},"end":{"line":73,"column":41}},"73":{"start":{"line":74,"column":0},"end":{"line":74,"column":46}},"74":{"start":{"line":75,"column":0},"end":{"line":75,"column":79}},"75":{"start":{"line":76,"column":0},"end":{"line":76,"column":4}},"76":{"start":{"line":77,"column":0},"end":{"line":77,"column":0}},"77":{"start":{"line":78,"column":0},"end":{"line":78,"column":10}},"78":{"start":{"line":79,"column":0},"end":{"line":79,"column":93}},"79":{"start":{"line":80,"column":0},"end":{"line":80,"column":111}},"80":{"start":{"line":81,"column":0},"end":{"line":81,"column":43}},"81":{"start":{"line":82,"column":0},"end":{"line":82,"column":67}},"82":{"start":{"line":83,"column":0},"end":{"line":83,"column":96}},"83":{"start":{"line":84,"column":0},"end":{"line":84,"column":78}},"84":{"start":{"line":85,"column":0},"end":{"line":85,"column":48}},"85":{"start":{"line":86,"column":0},"end":{"line":86,"column":16}},"86":{"start":{"line":87,"column":0},"end":{"line":87,"column":127}},"87":{"start":{"line":88,"column":0},"end":{"line":88,"column":23}},"88":{"start":{"line":89,"column":0},"end":{"line":89,"column":18}},"89":{"start":{"line":90,"column":0},"end":{"line":90,"column":81}},"90":{"start":{"line":91,"column":0},"end":{"line":91,"column":22}},"91":{"start":{"line":92,"column":0},"end":{"line":92,"column":19}},"92":{"start":{"line":93,"column":0},"end":{"line":93,"column":19}},"93":{"start":{"line":94,"column":0},"end":{"line":94,"column":18}},"94":{"start":{"line":95,"column":0},"end":{"line":95,"column":62}},"95":{"start":{"line":96,"column":0},"end":{"line":96,"column":19}},"96":{"start":{"line":97,"column":0},"end":{"line":97,"column":16}},"97":{"start":{"line":98,"column":0},"end":{"line":98,"column":19}},"98":{"start":{"line":99,"column":0},"end":{"line":99,"column":16}},"99":{"start":{"line":100,"column":0},"end":{"line":100,"column":92}},"100":{"start":{"line":101,"column":0},"end":{"line":101,"column":21}},"101":{"start":{"line":102,"column":0},"end":{"line":102,"column":44}},"102":{"start":{"line":103,"column":0},"end":{"line":103,"column":36}},"103":{"start":{"line":104,"column":0},"end":{"line":104,"column":29}},"104":{"start":{"line":105,"column":0},"end":{"line":105,"column":21}},"105":{"start":{"line":106,"column":0},"end":{"line":106,"column":36}},"106":{"start":{"line":107,"column":0},"end":{"line":107,"column":33}},"107":{"start":{"line":108,"column":0},"end":{"line":108,"column":39}},"108":{"start":{"line":109,"column":0},"end":{"line":109,"column":46}},"109":{"start":{"line":110,"column":0},"end":{"line":110,"column":35}},"110":{"start":{"line":111,"column":0},"end":{"line":111,"column":38}},"111":{"start":{"line":112,"column":0},"end":{"line":112,"column":15}},"112":{"start":{"line":113,"column":0},"end":{"line":113,"column":52}},"113":{"start":{"line":114,"column":0},"end":{"line":114,"column":21}},"114":{"start":{"line":115,"column":0},"end":{"line":115,"column":80}},"115":{"start":{"line":116,"column":0},"end":{"line":116,"column":21}},"116":{"start":{"line":117,"column":0},"end":{"line":117,"column":36}},"117":{"start":{"line":118,"column":0},"end":{"line":118,"column":52}},"118":{"start":{"line":119,"column":0},"end":{"line":119,"column":71}},"119":{"start":{"line":120,"column":0},"end":{"line":120,"column":62}},"120":{"start":{"line":121,"column":0},"end":{"line":121,"column":14}},"121":{"start":{"line":122,"column":0},"end":{"line":122,"column":14}},"122":{"start":{"line":123,"column":0},"end":{"line":123,"column":15}},"123":{"start":{"line":124,"column":0},"end":{"line":124,"column":0}},"124":{"start":{"line":125,"column":0},"end":{"line":125,"column":61}},"125":{"start":{"line":126,"column":0},"end":{"line":126,"column":23}},"126":{"start":{"line":127,"column":0},"end":{"line":127,"column":105}},"127":{"start":{"line":128,"column":0},"end":{"line":128,"column":66}},"128":{"start":{"line":129,"column":0},"end":{"line":129,"column":19}},"129":{"start":{"line":130,"column":0},"end":{"line":130,"column":78}},"130":{"start":{"line":131,"column":0},"end":{"line":131,"column":72}},"131":{"start":{"line":132,"column":0},"end":{"line":132,"column":33}},"132":{"start":{"line":133,"column":0},"end":{"line":133,"column":20}},"133":{"start":{"line":134,"column":0},"end":{"line":134,"column":20}},"134":{"start":{"line":135,"column":0},"end":{"line":135,"column":61}},"135":{"start":{"line":136,"column":0},"end":{"line":136,"column":32}},"136":{"start":{"line":137,"column":0},"end":{"line":137,"column":18}},"137":{"start":{"line":138,"column":0},"end":{"line":138,"column":18}},"138":{"start":{"line":139,"column":0},"end":{"line":139,"column":16}},"139":{"start":{"line":140,"column":0},"end":{"line":140,"column":56}},"140":{"start":{"line":141,"column":0},"end":{"line":141,"column":80}},"141":{"start":{"line":142,"column":0},"end":{"line":142,"column":13}},"142":{"start":{"line":143,"column":0},"end":{"line":143,"column":91}},"143":{"start":{"line":144,"column":0},"end":{"line":144,"column":18}},"144":{"start":{"line":145,"column":0},"end":{"line":145,"column":87}},"145":{"start":{"line":146,"column":0},"end":{"line":146,"column":62}},"146":{"start":{"line":147,"column":0},"end":{"line":147,"column":16}},"147":{"start":{"line":148,"column":0},"end":{"line":148,"column":65}},"148":{"start":{"line":149,"column":0},"end":{"line":149,"column":20}},"149":{"start":{"line":150,"column":0},"end":{"line":150,"column":28}},"150":{"start":{"line":151,"column":0},"end":{"line":151,"column":128}},"151":{"start":{"line":152,"column":0},"end":{"line":152,"column":17}},"152":{"start":{"line":153,"column":0},"end":{"line":153,"column":22}},"153":{"start":{"line":154,"column":0},"end":{"line":154,"column":222}},"154":{"start":{"line":155,"column":0},"end":{"line":155,"column":19}},"155":{"start":{"line":156,"column":0},"end":{"line":156,"column":79}},"156":{"start":{"line":157,"column":0},"end":{"line":157,"column":24}},"157":{"start":{"line":158,"column":0},"end":{"line":158,"column":74}},"158":{"start":{"line":159,"column":0},"end":{"line":159,"column":37}},"159":{"start":{"line":160,"column":0},"end":{"line":160,"column":34}},"160":{"start":{"line":161,"column":0},"end":{"line":161,"column":44}},"161":{"start":{"line":162,"column":0},"end":{"line":162,"column":35}},"162":{"start":{"line":163,"column":0},"end":{"line":163,"column":64}},"163":{"start":{"line":164,"column":0},"end":{"line":164,"column":22}},"164":{"start":{"line":165,"column":0},"end":{"line":165,"column":22}},"165":{"start":{"line":166,"column":0},"end":{"line":166,"column":17}},"166":{"start":{"line":167,"column":0},"end":{"line":167,"column":18}},"167":{"start":{"line":168,"column":0},"end":{"line":168,"column":20}},"168":{"start":{"line":169,"column":0},"end":{"line":169,"column":10}},"169":{"start":{"line":170,"column":0},"end":{"line":170,"column":0}},"170":{"start":{"line":171,"column":0},"end":{"line":171,"column":32}},"171":{"start":{"line":172,"column":0},"end":{"line":172,"column":120}},"172":{"start":{"line":173,"column":0},"end":{"line":173,"column":121}},"173":{"start":{"line":174,"column":0},"end":{"line":174,"column":46}},"174":{"start":{"line":175,"column":0},"end":{"line":175,"column":19}},"175":{"start":{"line":176,"column":0},"end":{"line":176,"column":17}},"176":{"start":{"line":177,"column":0},"end":{"line":177,"column":74}},"177":{"start":{"line":178,"column":0},"end":{"line":178,"column":64}},"178":{"start":{"line":179,"column":0},"end":{"line":179,"column":35}},"179":{"start":{"line":180,"column":0},"end":{"line":180,"column":61}},"180":{"start":{"line":181,"column":0},"end":{"line":181,"column":62}},"181":{"start":{"line":182,"column":0},"end":{"line":182,"column":18}},"182":{"start":{"line":183,"column":0},"end":{"line":183,"column":18}},"183":{"start":{"line":184,"column":0},"end":{"line":184,"column":20}},"184":{"start":{"line":185,"column":0},"end":{"line":185,"column":10}},"185":{"start":{"line":186,"column":0},"end":{"line":186,"column":0}},"186":{"start":{"line":187,"column":0},"end":{"line":187,"column":37}},"187":{"start":{"line":188,"column":0},"end":{"line":188,"column":93}},"188":{"start":{"line":189,"column":0},"end":{"line":189,"column":57}},"189":{"start":{"line":190,"column":0},"end":{"line":190,"column":70}},"190":{"start":{"line":191,"column":0},"end":{"line":191,"column":74}},"191":{"start":{"line":192,"column":0},"end":{"line":192,"column":22}},"192":{"start":{"line":193,"column":0},"end":{"line":193,"column":16}},"193":{"start":{"line":194,"column":0},"end":{"line":194,"column":19}},"194":{"start":{"line":195,"column":0},"end":{"line":195,"column":31}},"195":{"start":{"line":196,"column":0},"end":{"line":196,"column":23}},"196":{"start":{"line":197,"column":0},"end":{"line":197,"column":49}},"197":{"start":{"line":198,"column":0},"end":{"line":198,"column":29}},"198":{"start":{"line":199,"column":0},"end":{"line":199,"column":32}},"199":{"start":{"line":200,"column":0},"end":{"line":200,"column":13}},"200":{"start":{"line":201,"column":0},"end":{"line":201,"column":22}},"201":{"start":{"line":202,"column":0},"end":{"line":202,"column":36}},"202":{"start":{"line":203,"column":0},"end":{"line":203,"column":66}},"203":{"start":{"line":204,"column":0},"end":{"line":204,"column":21}},"204":{"start":{"line":205,"column":0},"end":{"line":205,"column":20}},"205":{"start":{"line":206,"column":0},"end":{"line":206,"column":10}},"206":{"start":{"line":207,"column":0},"end":{"line":207,"column":0}},"207":{"start":{"line":208,"column":0},"end":{"line":208,"column":82}},"208":{"start":{"line":209,"column":0},"end":{"line":209,"column":67}},"209":{"start":{"line":210,"column":0},"end":{"line":210,"column":17}},"210":{"start":{"line":211,"column":0},"end":{"line":211,"column":99}},"211":{"start":{"line":212,"column":0},"end":{"line":212,"column":29}},"212":{"start":{"line":213,"column":0},"end":{"line":213,"column":18}},"213":{"start":{"line":214,"column":0},"end":{"line":214,"column":44}},"214":{"start":{"line":215,"column":0},"end":{"line":215,"column":78}},"215":{"start":{"line":216,"column":0},"end":{"line":216,"column":18}},"216":{"start":{"line":217,"column":0},"end":{"line":217,"column":18}},"217":{"start":{"line":218,"column":0},"end":{"line":218,"column":59}},"218":{"start":{"line":219,"column":0},"end":{"line":219,"column":47}},"219":{"start":{"line":220,"column":0},"end":{"line":220,"column":20}},"220":{"start":{"line":221,"column":0},"end":{"line":221,"column":16}},"221":{"start":{"line":222,"column":0},"end":{"line":222,"column":68}},"222":{"start":{"line":223,"column":0},"end":{"line":223,"column":32}},"223":{"start":{"line":224,"column":0},"end":{"line":224,"column":26}},"224":{"start":{"line":225,"column":0},"end":{"line":225,"column":71}},"225":{"start":{"line":226,"column":0},"end":{"line":226,"column":27}},"226":{"start":{"line":227,"column":0},"end":{"line":227,"column":14}},"227":{"start":{"line":228,"column":0},"end":{"line":228,"column":18}},"228":{"start":{"line":229,"column":0},"end":{"line":229,"column":0}},"229":{"start":{"line":230,"column":0},"end":{"line":230,"column":68}},"230":{"start":{"line":231,"column":0},"end":{"line":231,"column":63}},"231":{"start":{"line":232,"column":0},"end":{"line":232,"column":64}},"232":{"start":{"line":233,"column":0},"end":{"line":233,"column":28}},"233":{"start":{"line":234,"column":0},"end":{"line":234,"column":17}},"234":{"start":{"line":235,"column":0},"end":{"line":235,"column":58}},"235":{"start":{"line":236,"column":0},"end":{"line":236,"column":35}},"236":{"start":{"line":237,"column":0},"end":{"line":237,"column":19}},"237":{"start":{"line":238,"column":0},"end":{"line":238,"column":16}},"238":{"start":{"line":239,"column":0},"end":{"line":239,"column":65}},"239":{"start":{"line":240,"column":0},"end":{"line":240,"column":27}},"240":{"start":{"line":241,"column":0},"end":{"line":241,"column":74}},"241":{"start":{"line":242,"column":0},"end":{"line":242,"column":53}},"242":{"start":{"line":243,"column":0},"end":{"line":243,"column":23}},"243":{"start":{"line":244,"column":0},"end":{"line":244,"column":28}},"244":{"start":{"line":245,"column":0},"end":{"line":245,"column":31}},"245":{"start":{"line":246,"column":0},"end":{"line":246,"column":40}},"246":{"start":{"line":247,"column":0},"end":{"line":247,"column":49}},"247":{"start":{"line":248,"column":0},"end":{"line":248,"column":233}},"248":{"start":{"line":249,"column":0},"end":{"line":249,"column":17}},"249":{"start":{"line":250,"column":0},"end":{"line":250,"column":59}},"250":{"start":{"line":251,"column":0},"end":{"line":251,"column":25}},"251":{"start":{"line":252,"column":0},"end":{"line":252,"column":25}},"252":{"start":{"line":253,"column":0},"end":{"line":253,"column":17}},"253":{"start":{"line":254,"column":0},"end":{"line":254,"column":16}},"254":{"start":{"line":255,"column":0},"end":{"line":255,"column":30}},"255":{"start":{"line":256,"column":0},"end":{"line":256,"column":14}},"256":{"start":{"line":257,"column":0},"end":{"line":257,"column":27}},"257":{"start":{"line":258,"column":0},"end":{"line":258,"column":92}},"258":{"start":{"line":259,"column":0},"end":{"line":259,"column":13}},"259":{"start":{"line":260,"column":0},"end":{"line":260,"column":30}},"260":{"start":{"line":261,"column":0},"end":{"line":261,"column":16}},"261":{"start":{"line":262,"column":0},"end":{"line":262,"column":12}},"262":{"start":{"line":263,"column":0},"end":{"line":263,"column":18}},"263":{"start":{"line":264,"column":0},"end":{"line":264,"column":0}},"264":{"start":{"line":265,"column":0},"end":{"line":265,"column":84}},"265":{"start":{"line":266,"column":0},"end":{"line":266,"column":104}},"266":{"start":{"line":267,"column":0},"end":{"line":267,"column":38}},"267":{"start":{"line":268,"column":0},"end":{"line":268,"column":82}},"268":{"start":{"line":269,"column":0},"end":{"line":269,"column":54}},"269":{"start":{"line":270,"column":0},"end":{"line":270,"column":92}},"270":{"start":{"line":271,"column":0},"end":{"line":271,"column":19}},"271":{"start":{"line":272,"column":0},"end":{"line":272,"column":20}},"272":{"start":{"line":273,"column":0},"end":{"line":273,"column":60}},"273":{"start":{"line":274,"column":0},"end":{"line":274,"column":74}},"274":{"start":{"line":275,"column":0},"end":{"line":275,"column":27}},"275":{"start":{"line":276,"column":0},"end":{"line":276,"column":36}},"276":{"start":{"line":277,"column":0},"end":{"line":277,"column":69}},"277":{"start":{"line":278,"column":0},"end":{"line":278,"column":24}},"278":{"start":{"line":279,"column":0},"end":{"line":279,"column":45}},"279":{"start":{"line":280,"column":0},"end":{"line":280,"column":22}},"280":{"start":{"line":281,"column":0},"end":{"line":281,"column":60}},"281":{"start":{"line":282,"column":0},"end":{"line":282,"column":108}},"282":{"start":{"line":283,"column":0},"end":{"line":283,"column":77}},"283":{"start":{"line":284,"column":0},"end":{"line":284,"column":22}},"284":{"start":{"line":285,"column":0},"end":{"line":285,"column":63}},"285":{"start":{"line":286,"column":0},"end":{"line":286,"column":42}},"286":{"start":{"line":287,"column":0},"end":{"line":287,"column":26}},"287":{"start":{"line":288,"column":0},"end":{"line":288,"column":37}},"288":{"start":{"line":289,"column":0},"end":{"line":289,"column":79}},"289":{"start":{"line":290,"column":0},"end":{"line":290,"column":23}},"290":{"start":{"line":291,"column":0},"end":{"line":291,"column":49}},"291":{"start":{"line":292,"column":0},"end":{"line":292,"column":59}},"292":{"start":{"line":293,"column":0},"end":{"line":293,"column":65}},"293":{"start":{"line":294,"column":0},"end":{"line":294,"column":30}},"294":{"start":{"line":295,"column":0},"end":{"line":295,"column":48}},"295":{"start":{"line":296,"column":0},"end":{"line":296,"column":76}},"296":{"start":{"line":297,"column":0},"end":{"line":297,"column":48}},"297":{"start":{"line":298,"column":0},"end":{"line":298,"column":32}},"298":{"start":{"line":299,"column":0},"end":{"line":299,"column":28}},"299":{"start":{"line":300,"column":0},"end":{"line":300,"column":58}},"300":{"start":{"line":301,"column":0},"end":{"line":301,"column":86}},"301":{"start":{"line":302,"column":0},"end":{"line":302,"column":45}},"302":{"start":{"line":303,"column":0},"end":{"line":303,"column":37}},"303":{"start":{"line":304,"column":0},"end":{"line":304,"column":47}},"304":{"start":{"line":305,"column":0},"end":{"line":305,"column":112}},"305":{"start":{"line":306,"column":0},"end":{"line":306,"column":33}},"306":{"start":{"line":307,"column":0},"end":{"line":307,"column":44}},"307":{"start":{"line":308,"column":0},"end":{"line":308,"column":32}},"308":{"start":{"line":309,"column":0},"end":{"line":309,"column":28}},"309":{"start":{"line":310,"column":0},"end":{"line":310,"column":30}},"310":{"start":{"line":311,"column":0},"end":{"line":311,"column":69}},"311":{"start":{"line":312,"column":0},"end":{"line":312,"column":62}},"312":{"start":{"line":313,"column":0},"end":{"line":313,"column":31}},"313":{"start":{"line":314,"column":0},"end":{"line":314,"column":28}},"314":{"start":{"line":315,"column":0},"end":{"line":315,"column":23}},"315":{"start":{"line":316,"column":0},"end":{"line":316,"column":24}},"316":{"start":{"line":317,"column":0},"end":{"line":317,"column":22}},"317":{"start":{"line":318,"column":0},"end":{"line":318,"column":16}},"318":{"start":{"line":319,"column":0},"end":{"line":319,"column":15}},"319":{"start":{"line":320,"column":0},"end":{"line":320,"column":70}},"320":{"start":{"line":321,"column":0},"end":{"line":321,"column":77}},"321":{"start":{"line":322,"column":0},"end":{"line":322,"column":37}},"322":{"start":{"line":323,"column":0},"end":{"line":323,"column":66}},"323":{"start":{"line":324,"column":0},"end":{"line":324,"column":20}},"324":{"start":{"line":325,"column":0},"end":{"line":325,"column":77}},"325":{"start":{"line":326,"column":0},"end":{"line":326,"column":32}},"326":{"start":{"line":327,"column":0},"end":{"line":327,"column":67}},"327":{"start":{"line":328,"column":0},"end":{"line":328,"column":20}},"328":{"start":{"line":329,"column":0},"end":{"line":329,"column":52}},"329":{"start":{"line":330,"column":0},"end":{"line":330,"column":72}},"330":{"start":{"line":331,"column":0},"end":{"line":331,"column":39}},"331":{"start":{"line":332,"column":0},"end":{"line":332,"column":75}},"332":{"start":{"line":333,"column":0},"end":{"line":333,"column":22}},"333":{"start":{"line":334,"column":0},"end":{"line":334,"column":16}},"334":{"start":{"line":335,"column":0},"end":{"line":335,"column":77}},"335":{"start":{"line":336,"column":0},"end":{"line":336,"column":34}},"336":{"start":{"line":337,"column":0},"end":{"line":337,"column":69}},"337":{"start":{"line":338,"column":0},"end":{"line":338,"column":20}},"338":{"start":{"line":339,"column":0},"end":{"line":339,"column":18}},"339":{"start":{"line":340,"column":0},"end":{"line":340,"column":16}},"340":{"start":{"line":341,"column":0},"end":{"line":341,"column":18}},"341":{"start":{"line":342,"column":0},"end":{"line":342,"column":0}},"342":{"start":{"line":343,"column":0},"end":{"line":343,"column":45}},"343":{"start":{"line":344,"column":0},"end":{"line":344,"column":86}},"344":{"start":{"line":345,"column":0},"end":{"line":345,"column":106}},"345":{"start":{"line":346,"column":0},"end":{"line":346,"column":41}},"346":{"start":{"line":347,"column":0},"end":{"line":347,"column":112}},"347":{"start":{"line":348,"column":0},"end":{"line":348,"column":22}},"348":{"start":{"line":349,"column":0},"end":{"line":349,"column":66}},"349":{"start":{"line":350,"column":0},"end":{"line":350,"column":53}},"350":{"start":{"line":351,"column":0},"end":{"line":351,"column":20}},"351":{"start":{"line":352,"column":0},"end":{"line":352,"column":33}},"352":{"start":{"line":353,"column":0},"end":{"line":353,"column":113}},"353":{"start":{"line":354,"column":0},"end":{"line":354,"column":17}},"354":{"start":{"line":355,"column":0},"end":{"line":355,"column":58}},"355":{"start":{"line":356,"column":0},"end":{"line":356,"column":24}},"356":{"start":{"line":357,"column":0},"end":{"line":357,"column":80}},"357":{"start":{"line":358,"column":0},"end":{"line":358,"column":19}},"358":{"start":{"line":359,"column":0},"end":{"line":359,"column":48}},"359":{"start":{"line":360,"column":0},"end":{"line":360,"column":26}},"360":{"start":{"line":361,"column":0},"end":{"line":361,"column":22}},"361":{"start":{"line":362,"column":0},"end":{"line":362,"column":17}},"362":{"start":{"line":363,"column":0},"end":{"line":363,"column":18}},"363":{"start":{"line":364,"column":0},"end":{"line":364,"column":20}},"364":{"start":{"line":365,"column":0},"end":{"line":365,"column":10}},"365":{"start":{"line":366,"column":0},"end":{"line":366,"column":0}},"366":{"start":{"line":367,"column":0},"end":{"line":367,"column":45}},"367":{"start":{"line":368,"column":0},"end":{"line":368,"column":17}},"368":{"start":{"line":369,"column":0},"end":{"line":369,"column":29}},"369":{"start":{"line":370,"column":0},"end":{"line":370,"column":21}},"370":{"start":{"line":371,"column":0},"end":{"line":371,"column":28}},"371":{"start":{"line":372,"column":0},"end":{"line":372,"column":47}},"372":{"start":{"line":373,"column":0},"end":{"line":373,"column":11}},"373":{"start":{"line":374,"column":0},"end":{"line":374,"column":22}},"374":{"start":{"line":375,"column":0},"end":{"line":375,"column":19}},"375":{"start":{"line":376,"column":0},"end":{"line":376,"column":10}},"376":{"start":{"line":377,"column":0},"end":{"line":377,"column":12}},"377":{"start":{"line":378,"column":0},"end":{"line":378,"column":0}},"378":{"start":{"line":379,"column":0},"end":{"line":379,"column":163}},"379":{"start":{"line":380,"column":0},"end":{"line":380,"column":59}},"380":{"start":{"line":381,"column":0},"end":{"line":381,"column":17}},"381":{"start":{"line":382,"column":0},"end":{"line":382,"column":25}},"382":{"start":{"line":383,"column":0},"end":{"line":383,"column":28}},"383":{"start":{"line":384,"column":0},"end":{"line":384,"column":103}},"384":{"start":{"line":385,"column":0},"end":{"line":385,"column":11}},"385":{"start":{"line":386,"column":0},"end":{"line":386,"column":56}},"386":{"start":{"line":387,"column":0},"end":{"line":387,"column":19}},"387":{"start":{"line":388,"column":0},"end":{"line":388,"column":101}},"388":{"start":{"line":389,"column":0},"end":{"line":389,"column":48}},"389":{"start":{"line":390,"column":0},"end":{"line":390,"column":17}},"390":{"start":{"line":391,"column":0},"end":{"line":391,"column":17}},"391":{"start":{"line":392,"column":0},"end":{"line":392,"column":25}},"392":{"start":{"line":393,"column":0},"end":{"line":393,"column":26}},"393":{"start":{"line":394,"column":0},"end":{"line":394,"column":22}},"394":{"start":{"line":395,"column":0},"end":{"line":395,"column":51}},"395":{"start":{"line":396,"column":0},"end":{"line":396,"column":56}},"396":{"start":{"line":397,"column":0},"end":{"line":397,"column":13}},"397":{"start":{"line":398,"column":0},"end":{"line":398,"column":103}},"398":{"start":{"line":399,"column":0},"end":{"line":399,"column":11}},"399":{"start":{"line":400,"column":0},"end":{"line":400,"column":52}},"400":{"start":{"line":401,"column":0},"end":{"line":401,"column":19}},"401":{"start":{"line":402,"column":0},"end":{"line":402,"column":14}},"402":{"start":{"line":403,"column":0},"end":{"line":403,"column":12}},"403":{"start":{"line":404,"column":0},"end":{"line":404,"column":11}},"404":{"start":{"line":405,"column":0},"end":{"line":405,"column":4}},"405":{"start":{"line":406,"column":0},"end":{"line":406,"column":2}}},"s":{"0":1,"1":1,"2":1,"3":1,"4":1,"5":1,"6":1,"7":1,"8":1,"9":1,"10":1,"11":1,"12":1,"13":1,"14":1,"15":1,"16":25,"17":25,"18":25,"19":10,"20":10,"21":1,"22":1,"23":3,"24":3,"25":1,"26":1,"27":1,"28":1,"29":1,"30":1,"31":1,"32":1,"33":1,"34":1,"35":1,"36":11,"37":11,"38":11,"39":11,"40":11,"41":11,"42":11,"43":11,"44":11,"45":11,"46":11,"47":11,"48":11,"49":11,"50":11,"51":11,"52":11,"53":11,"54":11,"55":11,"56":11,"57":11,"58":11,"59":11,"60":11,"61":11,"62":11,"63":11,"64":11,"65":11,"66":11,"67":11,"68":11,"69":11,"70":10,"71":9,"72":11,"73":11,"74":11,"75":11,"76":11,"77":11,"78":11,"79":11,"80":11,"81":11,"82":11,"83":11,"84":11,"85":11,"86":11,"87":11,"88":10,"89":10,"90":10,"91":10,"92":1,"93":1,"94":1,"95":1,"96":11,"97":11,"98":11,"99":11,"100":11,"101":3,"102":1,"103":2,"104":8,"105":2,"106":1,"107":1,"108":6,"109":1,"110":5,"111":11,"112":11,"113":11,"114":3,"115":8,"116":2,"117":1,"118":1,"119":6,"120":11,"121":11,"122":11,"123":11,"124":11,"125":11,"126":8,"127":8,"128":8,"129":8,"130":8,"131":8,"132":8,"133":8,"134":8,"135":8,"136":8,"137":8,"138":8,"139":8,"140":8,"141":8,"142":8,"143":8,"144":8,"145":8,"146":8,"147":8,"148":32,"149":32,"150":32,"151":32,"152":32,"153":32,"154":32,"155":32,"156":32,"157":32,"158":32,"159":8,"160":24,"161":8,"162":16,"163":32,"164":32,"165":8,"166":8,"167":8,"168":11,"169":11,"170":11,"171":2,"172":2,"173":2,"174":2,"175":2,"176":2,"177":2,"178":2,"179":1,"180":1,"181":2,"182":2,"183":2,"184":11,"185":11,"186":11,"187":2,"188":2,"189":2,"190":2,"191":2,"192":2,"193":2,"194":2,"195":2,"196":2,"197":2,"198":2,"199":2,"200":2,"201":1,"202":1,"203":2,"204":2,"205":11,"206":11,"207":11,"208":11,"209":11,"210":11,"211":11,"212":11,"213":11,"214":11,"215":11,"216":11,"217":11,"218":11,"219":11,"220":11,"221":11,"222":11,"223":11,"224":11,"225":11,"226":11,"227":11,"228":11,"229":11,"230":11,"231":11,"232":11,"233":11,"234":11,"235":11,"236":11,"237":11,"238":11,"239":11,"240":11,"241":11,"242":41,"243":41,"244":41,"245":41,"246":41,"247":41,"248":41,"249":41,"250":41,"251":41,"252":11,"253":11,"254":11,"255":1,"256":1,"257":1,"258":1,"259":1,"260":1,"261":11,"262":11,"263":11,"264":11,"265":11,"266":11,"267":11,"268":11,"269":11,"270":11,"271":11,"272":11,"273":11,"274":22,"275":22,"276":22,"277":22,"278":22,"279":10,"280":10,"281":10,"282":22,"283":22,"284":22,"285":22,"286":10,"287":10,"288":10,"289":10,"290":10,"291":10,"292":10,"293":10,"294":10,"295":7,"296":7,"297":7,"298":10,"299":10,"300":7,"301":7,"302":7,"303":7,"304":7,"305":7,"306":7,"307":7,"308":10,"309":10,"310":10,"311":10,"312":10,"313":10,"314":22,"315":22,"316":22,"317":22,"318":11,"319":11,"320":11,"321":11,"322":11,"323":11,"324":11,"325":11,"326":11,"327":11,"328":11,"329":8,"330":8,"331":8,"332":8,"333":11,"334":11,"335":11,"336":11,"337":11,"338":11,"339":11,"340":11,"341":11,"342":11,"343":3,"344":3,"345":3,"346":3,"347":3,"348":3,"349":3,"350":6,"351":6,"352":6,"353":6,"354":6,"355":6,"356":6,"357":6,"358":6,"359":6,"360":6,"361":3,"362":3,"363":3,"364":11,"365":11,"366":11,"367":5,"368":5,"369":5,"370":5,"371":5,"372":5,"373":5,"374":5,"375":11,"376":11,"377":11,"378":11,"379":11,"380":11,"381":11,"382":11,"383":11,"384":11,"385":11,"386":11,"387":11,"388":11,"389":11,"390":11,"391":11,"392":11,"393":1,"394":1,"395":1,"396":11,"397":11,"398":11,"399":11,"400":11,"401":11,"402":11,"403":11,"404":11,"405":11},"branchMap":{"0":{"type":"branch","line":16,"loc":{"start":{"line":16,"column":20},"end":{"line":21,"column":2}},"locations":[{"start":{"line":16,"column":20},"end":{"line":21,"column":2}}]},"1":{"type":"branch","line":17,"loc":{"start":{"line":17,"column":27},"end":{"line":17,"column":43}},"locations":[{"start":{"line":17,"column":27},"end":{"line":17,"column":43}}]},"2":{"type":"branch","line":17,"loc":{"start":{"line":17,"column":34},"end":{"line":18,"column":33}},"locations":[{"start":{"line":17,"column":34},"end":{"line":18,"column":33}}]},"3":{"type":"branch","line":18,"loc":{"start":{"line":18,"column":26},"end":{"line":18,"column":49}},"locations":[{"start":{"line":18,"column":26},"end":{"line":18,"column":49}}]},"4":{"type":"branch","line":18,"loc":{"start":{"line":18,"column":33},"end":{"line":19,"column":37}},"locations":[{"start":{"line":18,"column":33},"end":{"line":19,"column":37}}]},"5":{"type":"branch","line":19,"loc":{"start":{"line":19,"column":30},"end":{"line":19,"column":59}},"locations":[{"start":{"line":19,"column":30},"end":{"line":19,"column":59}}]},"6":{"type":"branch","line":19,"loc":{"start":{"line":19,"column":37},"end":{"line":21,"column":2}},"locations":[{"start":{"line":19,"column":37},"end":{"line":21,"column":2}}]},"7":{"type":"branch","line":23,"loc":{"start":{"line":23,"column":25},"end":{"line":27,"column":2}},"locations":[{"start":{"line":23,"column":25},"end":{"line":27,"column":2}}]},"8":{"type":"branch","line":24,"loc":{"start":{"line":24,"column":25},"end":{"line":24,"column":39}},"locations":[{"start":{"line":24,"column":25},"end":{"line":24,"column":39}}]},"9":{"type":"branch","line":24,"loc":{"start":{"line":24,"column":32},"end":{"line":25,"column":34}},"locations":[{"start":{"line":24,"column":32},"end":{"line":25,"column":34}}]},"10":{"type":"branch","line":25,"loc":{"start":{"line":25,"column":27},"end":{"line":27,"column":2}},"locations":[{"start":{"line":25,"column":27},"end":{"line":27,"column":2}}]},"11":{"type":"branch","line":36,"loc":{"start":{"line":36,"column":27},"end":{"line":406,"column":2}},"locations":[{"start":{"line":36,"column":27},"end":{"line":406,"column":2}}]},"12":{"type":"branch","line":62,"loc":{"start":{"line":62,"column":23},"end":{"line":62,"column":47}},"locations":[{"start":{"line":62,"column":23},"end":{"line":62,"column":47}}]},"13":{"type":"branch","line":62,"loc":{"start":{"line":62,"column":37},"end":{"line":62,"column":55}},"locations":[{"start":{"line":62,"column":37},"end":{"line":62,"column":55}}]},"14":{"type":"branch","line":64,"loc":{"start":{"line":64,"column":21},"end":{"line":64,"column":51}},"locations":[{"start":{"line":64,"column":21},"end":{"line":64,"column":51}}]},"15":{"type":"branch","line":64,"loc":{"start":{"line":64,"column":41},"end":{"line":64,"column":64}},"locations":[{"start":{"line":64,"column":41},"end":{"line":64,"column":64}}]},"16":{"type":"branch","line":70,"loc":{"start":{"line":70,"column":21},"end":{"line":71,"column":32}},"locations":[{"start":{"line":70,"column":21},"end":{"line":71,"column":32}}]},"17":{"type":"branch","line":71,"loc":{"start":{"line":71,"column":21},"end":{"line":72,"column":33}},"locations":[{"start":{"line":71,"column":21},"end":{"line":72,"column":33}}]},"18":{"type":"branch","line":84,"loc":{"start":{"line":84,"column":25},"end":{"line":84,"column":51}},"locations":[{"start":{"line":84,"column":25},"end":{"line":84,"column":51}}]},"19":{"type":"branch","line":84,"loc":{"start":{"line":84,"column":38},"end":{"line":84,"column":68}},"locations":[{"start":{"line":84,"column":38},"end":{"line":84,"column":68}}]},"20":{"type":"branch","line":88,"loc":{"start":{"line":88,"column":15},"end":{"line":92,"column":19}},"locations":[{"start":{"line":88,"column":15},"end":{"line":92,"column":19}}]},"21":{"type":"branch","line":92,"loc":{"start":{"line":92,"column":16},"end":{"line":96,"column":19}},"locations":[{"start":{"line":92,"column":16},"end":{"line":96,"column":19}}]},"22":{"type":"branch","line":101,"loc":{"start":{"line":101,"column":13},"end":{"line":104,"column":29}},"locations":[{"start":{"line":101,"column":13},"end":{"line":104,"column":29}}]},"23":{"type":"branch","line":102,"loc":{"start":{"line":102,"column":33},"end":{"line":103,"column":36}},"locations":[{"start":{"line":102,"column":33},"end":{"line":103,"column":36}}]},"24":{"type":"branch","line":103,"loc":{"start":{"line":103,"column":18},"end":{"line":104,"column":29}},"locations":[{"start":{"line":103,"column":18},"end":{"line":104,"column":29}}]},"25":{"type":"branch","line":104,"loc":{"start":{"line":104,"column":18},"end":{"line":111,"column":38}},"locations":[{"start":{"line":104,"column":18},"end":{"line":111,"column":38}}]},"26":{"type":"branch","line":105,"loc":{"start":{"line":105,"column":16},"end":{"line":108,"column":39}},"locations":[{"start":{"line":105,"column":16},"end":{"line":108,"column":39}}]},"27":{"type":"branch","line":106,"loc":{"start":{"line":106,"column":27},"end":{"line":107,"column":33}},"locations":[{"start":{"line":106,"column":27},"end":{"line":107,"column":33}}]},"28":{"type":"branch","line":107,"loc":{"start":{"line":107,"column":20},"end":{"line":108,"column":39}},"locations":[{"start":{"line":107,"column":20},"end":{"line":108,"column":39}}]},"29":{"type":"branch","line":108,"loc":{"start":{"line":108,"column":20},"end":{"line":111,"column":38}},"locations":[{"start":{"line":108,"column":20},"end":{"line":111,"column":38}}]},"30":{"type":"branch","line":109,"loc":{"start":{"line":109,"column":35},"end":{"line":110,"column":35}},"locations":[{"start":{"line":109,"column":35},"end":{"line":110,"column":35}}]},"31":{"type":"branch","line":110,"loc":{"start":{"line":110,"column":20},"end":{"line":111,"column":38}},"locations":[{"start":{"line":110,"column":20},"end":{"line":111,"column":38}}]},"32":{"type":"branch","line":114,"loc":{"start":{"line":114,"column":13},"end":{"line":115,"column":80}},"locations":[{"start":{"line":114,"column":13},"end":{"line":115,"column":80}}]},"33":{"type":"branch","line":115,"loc":{"start":{"line":115,"column":77},"end":{"line":120,"column":62}},"locations":[{"start":{"line":115,"column":77},"end":{"line":120,"column":62}}]},"34":{"type":"branch","line":116,"loc":{"start":{"line":116,"column":16},"end":{"line":119,"column":71}},"locations":[{"start":{"line":116,"column":16},"end":{"line":119,"column":71}}]},"35":{"type":"branch","line":117,"loc":{"start":{"line":117,"column":27},"end":{"line":118,"column":52}},"locations":[{"start":{"line":117,"column":27},"end":{"line":118,"column":52}}]},"36":{"type":"branch","line":118,"loc":{"start":{"line":118,"column":20},"end":{"line":119,"column":71}},"locations":[{"start":{"line":118,"column":20},"end":{"line":119,"column":71}}]},"37":{"type":"branch","line":119,"loc":{"start":{"line":119,"column":20},"end":{"line":120,"column":62}},"locations":[{"start":{"line":119,"column":20},"end":{"line":120,"column":62}}]},"38":{"type":"branch","line":126,"loc":{"start":{"line":126,"column":10},"end":{"line":168,"column":20}},"locations":[{"start":{"line":126,"column":10},"end":{"line":168,"column":20}}]},"39":{"type":"branch","line":171,"loc":{"start":{"line":171,"column":9},"end":{"line":171,"column":32}},"locations":[{"start":{"line":171,"column":9},"end":{"line":171,"column":32}}]},"40":{"type":"branch","line":171,"loc":{"start":{"line":171,"column":19},"end":{"line":184,"column":20}},"locations":[{"start":{"line":171,"column":19},"end":{"line":184,"column":20}}]},"41":{"type":"branch","line":179,"loc":{"start":{"line":179,"column":26},"end":{"line":180,"column":61}},"locations":[{"start":{"line":179,"column":26},"end":{"line":180,"column":61}}]},"42":{"type":"branch","line":180,"loc":{"start":{"line":180,"column":20},"end":{"line":181,"column":62}},"locations":[{"start":{"line":180,"column":20},"end":{"line":181,"column":62}}]},"43":{"type":"branch","line":187,"loc":{"start":{"line":187,"column":9},"end":{"line":187,"column":37}},"locations":[{"start":{"line":187,"column":9},"end":{"line":187,"column":37}}]},"44":{"type":"branch","line":187,"loc":{"start":{"line":187,"column":27},"end":{"line":205,"column":20}},"locations":[{"start":{"line":187,"column":27},"end":{"line":205,"column":20}}]},"45":{"type":"branch","line":201,"loc":{"start":{"line":201,"column":15},"end":{"line":202,"column":36}},"locations":[{"start":{"line":201,"column":15},"end":{"line":202,"column":36}}]},"46":{"type":"branch","line":202,"loc":{"start":{"line":202,"column":18},"end":{"line":203,"column":66}},"locations":[{"start":{"line":202,"column":18},"end":{"line":203,"column":66}}]},"47":{"type":"branch","line":215,"loc":{"start":{"line":215,"column":23},"end":{"line":215,"column":40}},"locations":[{"start":{"line":215,"column":23},"end":{"line":215,"column":40}}]},"48":{"type":"branch","line":215,"loc":{"start":{"line":215,"column":30},"end":{"line":215,"column":42}},"locations":[{"start":{"line":215,"column":30},"end":{"line":215,"column":42}}]},"49":{"type":"branch","line":218,"loc":{"start":{"line":218,"column":28},"end":{"line":218,"column":48}},"locations":[{"start":{"line":218,"column":28},"end":{"line":218,"column":48}}]},"50":{"type":"branch","line":218,"loc":{"start":{"line":218,"column":36},"end":{"line":218,"column":59}},"locations":[{"start":{"line":218,"column":36},"end":{"line":218,"column":59}}]},"51":{"type":"branch","line":223,"loc":{"start":{"line":223,"column":20},"end":{"line":223,"column":32}},"locations":[{"start":{"line":223,"column":20},"end":{"line":223,"column":32}}]},"52":{"type":"branch","line":255,"loc":{"start":{"line":255,"column":11},"end":{"line":261,"column":16}},"locations":[{"start":{"line":255,"column":11},"end":{"line":261,"column":16}}]},"53":{"type":"branch","line":329,"loc":{"start":{"line":329,"column":46},"end":{"line":333,"column":22}},"locations":[{"start":{"line":329,"column":46},"end":{"line":333,"column":22}}]},"54":{"type":"branch","line":343,"loc":{"start":{"line":343,"column":39},"end":{"line":364,"column":20}},"locations":[{"start":{"line":343,"column":39},"end":{"line":364,"column":20}}]},"55":{"type":"branch","line":367,"loc":{"start":{"line":367,"column":10},"end":{"line":367,"column":45}},"locations":[{"start":{"line":367,"column":10},"end":{"line":367,"column":45}}]},"56":{"type":"branch","line":367,"loc":{"start":{"line":367,"column":31},"end":{"line":375,"column":19}},"locations":[{"start":{"line":367,"column":31},"end":{"line":375,"column":19}}]},"57":{"type":"branch","line":75,"loc":{"start":{"line":75,"column":4},"end":{"line":75,"column":79}},"locations":[{"start":{"line":75,"column":4},"end":{"line":75,"column":79}}]},"58":{"type":"branch","line":148,"loc":{"start":{"line":148,"column":47},"end":{"line":165,"column":22}},"locations":[{"start":{"line":148,"column":47},"end":{"line":165,"column":22}}]},"59":{"type":"branch","line":151,"loc":{"start":{"line":151,"column":69},"end":{"line":151,"column":104}},"locations":[{"start":{"line":151,"column":69},"end":{"line":151,"column":104}}]},"60":{"type":"branch","line":151,"loc":{"start":{"line":151,"column":82},"end":{"line":151,"column":125}},"locations":[{"start":{"line":151,"column":82},"end":{"line":151,"column":125}}]},"61":{"type":"branch","line":154,"loc":{"start":{"line":154,"column":136},"end":{"line":154,"column":188}},"locations":[{"start":{"line":154,"column":136},"end":{"line":154,"column":188}}]},"62":{"type":"branch","line":154,"loc":{"start":{"line":154,"column":149},"end":{"line":154,"column":219}},"locations":[{"start":{"line":154,"column":149},"end":{"line":154,"column":219}}]},"63":{"type":"branch","line":156,"loc":{"start":{"line":156,"column":29},"end":{"line":156,"column":74}},"locations":[{"start":{"line":156,"column":29},"end":{"line":156,"column":74}}]},"64":{"type":"branch","line":156,"loc":{"start":{"line":156,"column":69},"end":{"line":156,"column":79}},"locations":[{"start":{"line":156,"column":69},"end":{"line":156,"column":79}}]},"65":{"type":"branch","line":159,"loc":{"start":{"line":159,"column":30},"end":{"line":160,"column":34}},"locations":[{"start":{"line":159,"column":30},"end":{"line":160,"column":34}}]},"66":{"type":"branch","line":160,"loc":{"start":{"line":160,"column":24},"end":{"line":163,"column":64}},"locations":[{"start":{"line":160,"column":24},"end":{"line":163,"column":64}}]},"67":{"type":"branch","line":161,"loc":{"start":{"line":161,"column":33},"end":{"line":162,"column":35}},"locations":[{"start":{"line":161,"column":33},"end":{"line":162,"column":35}}]},"68":{"type":"branch","line":162,"loc":{"start":{"line":162,"column":26},"end":{"line":163,"column":64}},"locations":[{"start":{"line":162,"column":26},"end":{"line":163,"column":64}}]},"69":{"type":"branch","line":225,"loc":{"start":{"line":225,"column":19},"end":{"line":225,"column":70}},"locations":[{"start":{"line":225,"column":19},"end":{"line":225,"column":70}}]},"70":{"type":"branch","line":241,"loc":{"start":{"line":241,"column":22},"end":{"line":241,"column":73}},"locations":[{"start":{"line":241,"column":22},"end":{"line":241,"column":73}}]},"71":{"type":"branch","line":241,"loc":{"start":{"line":241,"column":45},"end":{"line":241,"column":73}},"locations":[{"start":{"line":241,"column":45},"end":{"line":241,"column":73}}]},"72":{"type":"branch","line":242,"loc":{"start":{"line":242,"column":19},"end":{"line":252,"column":25}},"locations":[{"start":{"line":242,"column":19},"end":{"line":252,"column":25}}]},"73":{"type":"branch","line":247,"loc":{"start":{"line":247,"column":27},"end":{"line":247,"column":49}},"locations":[{"start":{"line":247,"column":27},"end":{"line":247,"column":49}}]},"74":{"type":"branch","line":274,"loc":{"start":{"line":274,"column":52},"end":{"line":319,"column":13}},"locations":[{"start":{"line":274,"column":52},"end":{"line":319,"column":13}}]},"75":{"type":"branch","line":276,"loc":{"start":{"line":276,"column":22},"end":{"line":276,"column":36}},"locations":[{"start":{"line":276,"column":22},"end":{"line":276,"column":36}}]},"76":{"type":"branch","line":278,"loc":{"start":{"line":278,"column":16},"end":{"line":278,"column":24}},"locations":[{"start":{"line":278,"column":16},"end":{"line":278,"column":24}}]},"77":{"type":"branch","line":279,"loc":{"start":{"line":279,"column":33},"end":{"line":279,"column":45}},"locations":[{"start":{"line":279,"column":33},"end":{"line":279,"column":45}}]},"78":{"type":"branch","line":279,"loc":{"start":{"line":279,"column":40},"end":{"line":283,"column":53}},"locations":[{"start":{"line":279,"column":40},"end":{"line":283,"column":53}}]},"79":{"type":"branch","line":283,"loc":{"start":{"line":283,"column":41},"end":{"line":283,"column":66}},"locations":[{"start":{"line":283,"column":41},"end":{"line":283,"column":66}}]},"80":{"type":"branch","line":283,"loc":{"start":{"line":283,"column":53},"end":{"line":283,"column":77}},"locations":[{"start":{"line":283,"column":53},"end":{"line":283,"column":77}}]},"81":{"type":"branch","line":277,"loc":{"start":{"line":277,"column":18},"end":{"line":277,"column":69}},"locations":[{"start":{"line":277,"column":18},"end":{"line":277,"column":69}}]},"82":{"type":"branch","line":286,"loc":{"start":{"line":286,"column":31},"end":{"line":314,"column":28}},"locations":[{"start":{"line":286,"column":31},"end":{"line":314,"column":28}}]},"83":{"type":"branch","line":295,"loc":{"start":{"line":295,"column":32},"end":{"line":298,"column":32}},"locations":[{"start":{"line":295,"column":32},"end":{"line":298,"column":32}}]},"84":{"type":"branch","line":300,"loc":{"start":{"line":300,"column":52},"end":{"line":308,"column":32}},"locations":[{"start":{"line":300,"column":52},"end":{"line":308,"column":32}}]},"85":{"type":"branch","line":304,"loc":{"start":{"line":304,"column":34},"end":{"line":305,"column":112}},"locations":[{"start":{"line":304,"column":34},"end":{"line":305,"column":112}}]},"86":{"type":"branch","line":305,"loc":{"start":{"line":305,"column":83},"end":{"line":305,"column":93}},"locations":[{"start":{"line":305,"column":83},"end":{"line":305,"column":93}}]},"87":{"type":"branch","line":350,"loc":{"start":{"line":350,"column":40},"end":{"line":361,"column":22}},"locations":[{"start":{"line":350,"column":40},"end":{"line":361,"column":22}}]},"88":{"type":"branch","line":357,"loc":{"start":{"line":357,"column":47},"end":{"line":357,"column":70}},"locations":[{"start":{"line":357,"column":47},"end":{"line":357,"column":70}}]},"89":{"type":"branch","line":357,"loc":{"start":{"line":357,"column":58},"end":{"line":357,"column":80}},"locations":[{"start":{"line":357,"column":58},"end":{"line":357,"column":80}}]},"90":{"type":"branch","line":393,"loc":{"start":{"line":393,"column":21},"end":{"line":396,"column":56}},"locations":[{"start":{"line":393,"column":21},"end":{"line":396,"column":56}}]}},"b":{"0":[25],"1":[6],"2":[19],"3":[4],"4":[15],"5":[5],"6":[10],"7":[3],"8":[1],"9":[2],"10":[1],"11":[11],"12":[10],"13":[1],"14":[2],"15":[9],"16":[10],"17":[9],"18":[3],"19":[8],"20":[10],"21":[1],"22":[3],"23":[1],"24":[2],"25":[8],"26":[2],"27":[1],"28":[1],"29":[6],"30":[1],"31":[5],"32":[3],"33":[8],"34":[2],"35":[1],"36":[1],"37":[6],"38":[8],"39":[2],"40":[2],"41":[1],"42":[1],"43":[2],"44":[2],"45":[1],"46":[1],"47":[10],"48":[1],"49":[2],"50":[9],"51":[1],"52":[1],"53":[8],"54":[3],"55":[8],"56":[5],"57":[2],"58":[32],"59":[8],"60":[24],"61":[13],"62":[19],"63":[5],"64":[27],"65":[8],"66":[24],"67":[8],"68":[16],"69":[10],"70":[44],"71":[12],"72":[41],"73":[2],"74":[22],"75":[20],"76":[2],"77":[12],"78":[10],"79":[7],"80":[3],"81":[20],"82":[10],"83":[7],"84":[7],"85":[7],"86":[0],"87":[6],"88":[3],"89":[3],"90":[1]},"fnMap":{"0":{"name":"statusLabel","decl":{"start":{"line":16,"column":20},"end":{"line":21,"column":2}},"loc":{"start":{"line":16,"column":20},"end":{"line":21,"column":2}},"line":16},"1":{"name":"orderStatusLabel","decl":{"start":{"line":23,"column":25},"end":{"line":27,"column":2}},"loc":{"start":{"line":23,"column":25},"end":{"line":27,"column":2}},"line":23},"2":{"name":"OrderStatus","decl":{"start":{"line":36,"column":27},"end":{"line":406,"column":2}},"loc":{"start":{"line":36,"column":27},"end":{"line":406,"column":2}},"line":36},"3":{"name":"onClick","decl":{"start":{"line":247,"column":27},"end":{"line":247,"column":49}},"loc":{"start":{"line":247,"column":27},"end":{"line":247,"column":49}},"line":247},"4":{"name":"onClick","decl":{"start":{"line":393,"column":21},"end":{"line":396,"column":56}},"loc":{"start":{"line":393,"column":21},"end":{"line":396,"column":56}},"line":393}},"f":{"0":25,"1":3,"2":11,"3":2,"4":1}}
,"/mnt/data/servora_cov_work/apps/customer-app/src/features/ordering/useCustomerOrderRealtime.ts": {"path":"/mnt/data/servora_cov_work/apps/customer-app/src/features/ordering/useCustomerOrderRealtime.ts","all":false,"statementMap":{"0":{"start":{"line":1,"column":0},"end":{"line":1,"column":52}},"1":{"start":{"line":2,"column":0},"end":{"line":2,"column":43}},"2":{"start":{"line":3,"column":0},"end":{"line":3,"column":0}},"3":{"start":{"line":4,"column":0},"end":{"line":4,"column":8}},"4":{"start":{"line":5,"column":0},"end":{"line":5,"column":44}},"5":{"start":{"line":6,"column":0},"end":{"line":6,"column":40}},"6":{"start":{"line":7,"column":0},"end":{"line":7,"column":21}},"7":{"start":{"line":8,"column":0},"end":{"line":8,"column":0}},"8":{"start":{"line":9,"column":0},"end":{"line":9,"column":41}},"9":{"start":{"line":10,"column":0},"end":{"line":10,"column":35}},"10":{"start":{"line":11,"column":0},"end":{"line":11,"column":30}},"11":{"start":{"line":12,"column":0},"end":{"line":12,"column":42}},"12":{"start":{"line":13,"column":0},"end":{"line":13,"column":48}},"13":{"start":{"line":14,"column":0},"end":{"line":14,"column":6}},"14":{"start":{"line":15,"column":0},"end":{"line":15,"column":42}},"15":{"start":{"line":16,"column":0},"end":{"line":16,"column":63}},"16":{"start":{"line":17,"column":0},"end":{"line":17,"column":58}},"17":{"start":{"line":18,"column":0},"end":{"line":18,"column":37}},"18":{"start":{"line":19,"column":0},"end":{"line":19,"column":0}},"19":{"start":{"line":20,"column":0},"end":{"line":20,"column":19}},"20":{"start":{"line":21,"column":0},"end":{"line":21,"column":24}},"21":{"start":{"line":22,"column":0},"end":{"line":22,"column":21}},"22":{"start":{"line":23,"column":0},"end":{"line":23,"column":13}},"23":{"start":{"line":24,"column":0},"end":{"line":24,"column":5}},"24":{"start":{"line":25,"column":0},"end":{"line":25,"column":0}},"25":{"start":{"line":26,"column":0},"end":{"line":26,"column":71}},"26":{"start":{"line":27,"column":0},"end":{"line":27,"column":73}},"27":{"start":{"line":28,"column":0},"end":{"line":28,"column":20}},"28":{"start":{"line":29,"column":0},"end":{"line":29,"column":66}},"29":{"start":{"line":30,"column":0},"end":{"line":30,"column":31}},"30":{"start":{"line":31,"column":0},"end":{"line":31,"column":24}},"31":{"start":{"line":32,"column":0},"end":{"line":32,"column":38}},"32":{"start":{"line":33,"column":0},"end":{"line":33,"column":0}},"33":{"start":{"line":34,"column":0},"end":{"line":34,"column":31}},"34":{"start":{"line":35,"column":0},"end":{"line":35,"column":44}},"35":{"start":{"line":36,"column":0},"end":{"line":36,"column":48}},"36":{"start":{"line":37,"column":0},"end":{"line":37,"column":38}},"37":{"start":{"line":38,"column":0},"end":{"line":38,"column":7}},"38":{"start":{"line":39,"column":0},"end":{"line":39,"column":49}},"39":{"start":{"line":40,"column":0},"end":{"line":40,"column":52}},"40":{"start":{"line":41,"column":0},"end":{"line":41,"column":43}},"41":{"start":{"line":42,"column":0},"end":{"line":42,"column":7}},"42":{"start":{"line":43,"column":0},"end":{"line":43,"column":6}},"43":{"start":{"line":44,"column":0},"end":{"line":44,"column":0}},"44":{"start":{"line":45,"column":0},"end":{"line":45,"column":37}},"45":{"start":{"line":46,"column":0},"end":{"line":46,"column":66}},"46":{"start":{"line":47,"column":0},"end":{"line":47,"column":29}},"47":{"start":{"line":48,"column":0},"end":{"line":48,"column":51}},"48":{"start":{"line":49,"column":0},"end":{"line":49,"column":40}},"49":{"start":{"line":50,"column":0},"end":{"line":50,"column":46}},"50":{"start":{"line":51,"column":0},"end":{"line":51,"column":8}},"51":{"start":{"line":52,"column":0},"end":{"line":52,"column":36}},"52":{"start":{"line":53,"column":0},"end":{"line":53,"column":56}},"53":{"start":{"line":54,"column":0},"end":{"line":54,"column":43}},"54":{"start":{"line":55,"column":0},"end":{"line":55,"column":18}},"55":{"start":{"line":56,"column":0},"end":{"line":56,"column":16}},"56":{"start":{"line":57,"column":0},"end":{"line":57,"column":6}},"57":{"start":{"line":58,"column":0},"end":{"line":58,"column":0}},"58":{"start":{"line":59,"column":0},"end":{"line":59,"column":27}},"59":{"start":{"line":60,"column":0},"end":{"line":60,"column":26}},"60":{"start":{"line":61,"column":0},"end":{"line":61,"column":20}},"61":{"start":{"line":62,"column":0},"end":{"line":62,"column":58}},"62":{"start":{"line":63,"column":0},"end":{"line":63,"column":0}},"63":{"start":{"line":64,"column":0},"end":{"line":64,"column":29}},"64":{"start":{"line":65,"column":0},"end":{"line":65,"column":21}},"65":{"start":{"line":66,"column":0},"end":{"line":66,"column":66}},"66":{"start":{"line":67,"column":0},"end":{"line":67,"column":10}},"67":{"start":{"line":68,"column":0},"end":{"line":68,"column":8}},"68":{"start":{"line":69,"column":0},"end":{"line":69,"column":0}},"69":{"start":{"line":70,"column":0},"end":{"line":70,"column":37}},"70":{"start":{"line":71,"column":0},"end":{"line":71,"column":13}},"71":{"start":{"line":72,"column":0},"end":{"line":72,"column":53}},"72":{"start":{"line":73,"column":0},"end":{"line":73,"column":26}},"73":{"start":{"line":74,"column":0},"end":{"line":74,"column":54}},"74":{"start":{"line":75,"column":0},"end":{"line":75,"column":12}},"75":{"start":{"line":76,"column":0},"end":{"line":76,"column":45}},"76":{"start":{"line":77,"column":0},"end":{"line":77,"column":41}},"77":{"start":{"line":78,"column":0},"end":{"line":78,"column":26}},"78":{"start":{"line":79,"column":0},"end":{"line":79,"column":50}},"79":{"start":{"line":80,"column":0},"end":{"line":80,"column":54}},"80":{"start":{"line":81,"column":0},"end":{"line":81,"column":13}},"81":{"start":{"line":82,"column":0},"end":{"line":82,"column":58}},"82":{"start":{"line":83,"column":0},"end":{"line":83,"column":77}},"83":{"start":{"line":84,"column":0},"end":{"line":84,"column":23}},"84":{"start":{"line":85,"column":0},"end":{"line":85,"column":21}},"85":{"start":{"line":86,"column":0},"end":{"line":86,"column":47}},"86":{"start":{"line":87,"column":0},"end":{"line":87,"column":22}},"87":{"start":{"line":88,"column":0},"end":{"line":88,"column":43}},"88":{"start":{"line":89,"column":0},"end":{"line":89,"column":13}},"89":{"start":{"line":90,"column":0},"end":{"line":90,"column":37}},"90":{"start":{"line":91,"column":0},"end":{"line":91,"column":68}},"91":{"start":{"line":92,"column":0},"end":{"line":92,"column":35}},"92":{"start":{"line":93,"column":0},"end":{"line":93,"column":11}},"93":{"start":{"line":94,"column":0},"end":{"line":94,"column":18}},"94":{"start":{"line":95,"column":0},"end":{"line":95,"column":8}},"95":{"start":{"line":96,"column":0},"end":{"line":96,"column":0}},"96":{"start":{"line":97,"column":0},"end":{"line":97,"column":30}},"97":{"start":{"line":98,"column":0},"end":{"line":98,"column":23}},"98":{"start":{"line":99,"column":0},"end":{"line":99,"column":8}},"99":{"start":{"line":100,"column":0},"end":{"line":100,"column":0}},"100":{"start":{"line":101,"column":0},"end":{"line":101,"column":30}},"101":{"start":{"line":102,"column":0},"end":{"line":102,"column":23}},"102":{"start":{"line":103,"column":0},"end":{"line":103,"column":46}},"103":{"start":{"line":104,"column":0},"end":{"line":104,"column":50}},"104":{"start":{"line":105,"column":0},"end":{"line":105,"column":40}},"105":{"start":{"line":106,"column":0},"end":{"line":106,"column":9}},"106":{"start":{"line":107,"column":0},"end":{"line":107,"column":28}},"107":{"start":{"line":108,"column":0},"end":{"line":108,"column":8}},"108":{"start":{"line":109,"column":0},"end":{"line":109,"column":6}},"109":{"start":{"line":110,"column":0},"end":{"line":110,"column":0}},"110":{"start":{"line":111,"column":0},"end":{"line":111,"column":14}},"111":{"start":{"line":112,"column":0},"end":{"line":112,"column":0}},"112":{"start":{"line":113,"column":0},"end":{"line":113,"column":18}},"113":{"start":{"line":114,"column":0},"end":{"line":114,"column":21}},"114":{"start":{"line":115,"column":0},"end":{"line":115,"column":20}},"115":{"start":{"line":116,"column":0},"end":{"line":116,"column":22}},"116":{"start":{"line":117,"column":0},"end":{"line":117,"column":21}},"117":{"start":{"line":118,"column":0},"end":{"line":118,"column":6}},"118":{"start":{"line":119,"column":0},"end":{"line":119,"column":59}},"119":{"start":{"line":120,"column":0},"end":{"line":120,"column":0}},"120":{"start":{"line":121,"column":0},"end":{"line":121,"column":14}},"121":{"start":{"line":122,"column":0},"end":{"line":122,"column":2}}},"s":{"0":1,"1":1,"2":1,"3":1,"4":1,"5":1,"6":1,"7":1,"8":1,"9":16,"10":16,"11":16,"12":16,"13":16,"14":16,"15":16,"16":16,"17":16,"18":16,"19":16,"20":9,"21":2,"22":2,"23":2,"24":7,"25":9,"26":9,"27":9,"28":9,"29":9,"30":9,"31":9,"32":9,"33":9,"34":23,"35":1,"36":1,"37":1,"38":23,"39":2,"40":2,"41":2,"42":23,"43":9,"44":9,"45":20,"46":11,"47":11,"48":11,"49":11,"50":11,"51":11,"52":11,"53":9,"54":9,"55":11,"56":20,"57":9,"58":9,"59":16,"60":16,"61":16,"62":16,"63":16,"64":1,"65":1,"66":1,"67":1,"68":16,"69":16,"70":9,"71":9,"72":9,"73":9,"74":9,"75":9,"76":4,"77":4,"78":4,"79":1,"80":1,"81":4,"82":1,"83":4,"84":4,"85":4,"86":2,"87":2,"88":4,"89":1,"90":4,"91":2,"92":2,"93":9,"94":9,"95":16,"96":16,"97":1,"98":1,"99":16,"100":16,"101":20,"102":20,"103":2,"104":2,"105":2,"106":20,"107":20,"108":16,"109":9,"110":9,"111":9,"112":9,"113":7,"114":7,"115":7,"116":7,"117":7,"118":16,"119":16,"120":16,"121":16},"branchMap":{"0":{"type":"branch","line":9,"loc":{"start":{"line":9,"column":40},"end":{"line":122,"column":2}},"locations":[{"start":{"line":9,"column":40},"end":{"line":122,"column":2}}]},"1":{"type":"branch","line":20,"loc":{"start":{"line":20,"column":12},"end":{"line":119,"column":5}},"locations":[{"start":{"line":20,"column":12},"end":{"line":119,"column":5}}]},"2":{"type":"branch","line":21,"loc":{"start":{"line":21,"column":23},"end":{"line":24,"column":5}},"locations":[{"start":{"line":21,"column":23},"end":{"line":24,"column":5}}]},"3":{"type":"branch","line":24,"loc":{"start":{"line":24,"column":4},"end":{"line":26,"column":58}},"locations":[{"start":{"line":24,"column":4},"end":{"line":26,"column":58}}]},"4":{"type":"branch","line":26,"loc":{"start":{"line":26,"column":47},"end":{"line":26,"column":66}},"locations":[{"start":{"line":26,"column":47},"end":{"line":26,"column":66}}]},"5":{"type":"branch","line":26,"loc":{"start":{"line":26,"column":58},"end":{"line":26,"column":71}},"locations":[{"start":{"line":26,"column":58},"end":{"line":26,"column":71}}]},"6":{"type":"branch","line":29,"loc":{"start":{"line":29,"column":6},"end":{"line":29,"column":66}},"locations":[{"start":{"line":29,"column":6},"end":{"line":29,"column":66}}]},"7":{"type":"branch","line":34,"loc":{"start":{"line":34,"column":24},"end":{"line":43,"column":6}},"locations":[{"start":{"line":34,"column":24},"end":{"line":43,"column":6}}]},"8":{"type":"branch","line":35,"loc":{"start":{"line":35,"column":43},"end":{"line":38,"column":7}},"locations":[{"start":{"line":35,"column":43},"end":{"line":38,"column":7}}]},"9":{"type":"branch","line":39,"loc":{"start":{"line":39,"column":48},"end":{"line":42,"column":7}},"locations":[{"start":{"line":39,"column":48},"end":{"line":42,"column":7}}]},"10":{"type":"branch","line":45,"loc":{"start":{"line":45,"column":30},"end":{"line":57,"column":6}},"locations":[{"start":{"line":45,"column":30},"end":{"line":57,"column":6}}]},"11":{"type":"branch","line":46,"loc":{"start":{"line":46,"column":10},"end":{"line":46,"column":59}},"locations":[{"start":{"line":46,"column":10},"end":{"line":46,"column":59}}]},"12":{"type":"branch","line":46,"loc":{"start":{"line":46,"column":59},"end":{"line":46,"column":66}},"locations":[{"start":{"line":46,"column":59},"end":{"line":46,"column":66}}]},"13":{"type":"branch","line":46,"loc":{"start":{"line":46,"column":59},"end":{"line":56,"column":16}},"locations":[{"start":{"line":46,"column":59},"end":{"line":56,"column":16}}]},"14":{"type":"branch","line":53,"loc":{"start":{"line":53,"column":49},"end":{"line":56,"column":9}},"locations":[{"start":{"line":53,"column":49},"end":{"line":56,"column":9}}]},"15":{"type":"branch","line":59,"loc":{"start":{"line":59,"column":20},"end":{"line":109,"column":6}},"locations":[{"start":{"line":59,"column":20},"end":{"line":109,"column":6}}]},"16":{"type":"branch","line":60,"loc":{"start":{"line":60,"column":19},"end":{"line":60,"column":26}},"locations":[{"start":{"line":60,"column":19},"end":{"line":60,"column":26}}]},"17":{"type":"branch","line":64,"loc":{"start":{"line":64,"column":22},"end":{"line":68,"column":8}},"locations":[{"start":{"line":64,"column":22},"end":{"line":68,"column":8}}]},"18":{"type":"branch","line":70,"loc":{"start":{"line":70,"column":25},"end":{"line":95,"column":8}},"locations":[{"start":{"line":70,"column":25},"end":{"line":95,"column":8}}]},"19":{"type":"branch","line":76,"loc":{"start":{"line":76,"column":44},"end":{"line":93,"column":11}},"locations":[{"start":{"line":76,"column":44},"end":{"line":93,"column":11}}]},"20":{"type":"branch","line":79,"loc":{"start":{"line":79,"column":49},"end":{"line":81,"column":13}},"locations":[{"start":{"line":79,"column":49},"end":{"line":81,"column":13}}]},"21":{"type":"branch","line":86,"loc":{"start":{"line":86,"column":29},"end":{"line":87,"column":22}},"locations":[{"start":{"line":86,"column":29},"end":{"line":87,"column":22}}]},"22":{"type":"branch","line":87,"loc":{"start":{"line":87,"column":12},"end":{"line":88,"column":43}},"locations":[{"start":{"line":87,"column":12},"end":{"line":88,"column":43}}]},"23":{"type":"branch","line":89,"loc":{"start":{"line":89,"column":12},"end":{"line":91,"column":21}},"locations":[{"start":{"line":89,"column":12},"end":{"line":91,"column":21}}]},"24":{"type":"branch","line":91,"loc":{"start":{"line":91,"column":10},"end":{"line":93,"column":11}},"locations":[{"start":{"line":91,"column":10},"end":{"line":93,"column":11}}]},"25":{"type":"branch","line":91,"loc":{"start":{"line":91,"column":67},"end":{"line":93,"column":11}},"locations":[{"start":{"line":91,"column":67},"end":{"line":93,"column":11}}]},"26":{"type":"branch","line":92,"loc":{"start":{"line":92,"column":12},"end":{"line":92,"column":35}},"locations":[{"start":{"line":92,"column":12},"end":{"line":92,"column":35}}]},"27":{"type":"branch","line":94,"loc":{"start":{"line":94,"column":8},"end":{"line":94,"column":18}},"locations":[{"start":{"line":94,"column":8},"end":{"line":94,"column":18}}]},"28":{"type":"branch","line":82,"loc":{"start":{"line":82,"column":51},"end":{"line":84,"column":15}},"locations":[{"start":{"line":82,"column":51},"end":{"line":84,"column":15}}]},"29":{"type":"branch","line":97,"loc":{"start":{"line":97,"column":23},"end":{"line":99,"column":8}},"locations":[{"start":{"line":97,"column":23},"end":{"line":99,"column":8}}]},"30":{"type":"branch","line":101,"loc":{"start":{"line":101,"column":23},"end":{"line":108,"column":8}},"locations":[{"start":{"line":101,"column":23},"end":{"line":108,"column":8}}]},"31":{"type":"branch","line":103,"loc":{"start":{"line":103,"column":45},"end":{"line":106,"column":9}},"locations":[{"start":{"line":103,"column":45},"end":{"line":106,"column":9}}]},"32":{"type":"branch","line":113,"loc":{"start":{"line":113,"column":11},"end":{"line":118,"column":6}},"locations":[{"start":{"line":113,"column":11},"end":{"line":118,"column":6}}]}},"b":{"0":[16],"1":[9],"2":[2],"3":[7],"4":[0],"5":[7],"6":[0],"7":[23],"8":[1],"9":[2],"10":[20],"11":[11],"12":[9],"13":[11],"14":[9],"15":[16],"16":[0],"17":[1],"18":[9],"19":[4],"20":[1],"21":[2],"22":[2],"23":[1],"24":[3],"25":[2],"26":[1],"27":[1],"28":[1],"29":[1],"30":[20],"31":[2],"32":[7]},"fnMap":{"0":{"name":"useCustomerOrderRealtime","decl":{"start":{"line":9,"column":40},"end":{"line":122,"column":2}},"loc":{"start":{"line":9,"column":40},"end":{"line":122,"column":2}},"line":9},"1":{"name":"clearTimers","decl":{"start":{"line":34,"column":24},"end":{"line":43,"column":6}},"loc":{"start":{"line":34,"column":24},"end":{"line":43,"column":6}},"line":34},"2":{"name":"scheduleReconnect","decl":{"start":{"line":45,"column":30},"end":{"line":57,"column":6}},"loc":{"start":{"line":45,"column":30},"end":{"line":57,"column":6}},"line":45},"3":{"name":"connect","decl":{"start":{"line":59,"column":20},"end":{"line":109,"column":6}},"loc":{"start":{"line":59,"column":20},"end":{"line":109,"column":6}},"line":59},"4":{"name":"socket.onopen","decl":{"start":{"line":64,"column":22},"end":{"line":68,"column":8}},"loc":{"start":{"line":64,"column":22},"end":{"line":68,"column":8}},"line":64},"5":{"name":"socket.onmessage","decl":{"start":{"line":70,"column":25},"end":{"line":95,"column":8}},"loc":{"start":{"line":70,"column":25},"end":{"line":95,"column":8}},"line":70},"6":{"name":"socket.onerror","decl":{"start":{"line":97,"column":23},"end":{"line":99,"column":8}},"loc":{"start":{"line":97,"column":23},"end":{"line":99,"column":8}},"line":97},"7":{"name":"socket.onclose","decl":{"start":{"line":101,"column":23},"end":{"line":108,"column":8}},"loc":{"start":{"line":101,"column":23},"end":{"line":108,"column":8}},"line":101}},"f":{"0":16,"1":23,"2":20,"3":16,"4":1,"5":9,"6":1,"7":20}}
}
