{"/mnt/data/servora_cov_work/apps/waiter-app/src/features/auth/index.ts": {"path":"/mnt/data/servora_cov_work/apps/waiter-app/src/features/auth/index.ts","all":true,"statementMap":{"0":{"start":{"line":1,"column":0},"end":{"line":1,"column":46}},"1":{"start":{"line":2,"column":0},"end":{"line":2,"column":44}},"2":{"start":{"line":3,"column":0},"end":{"line":3,"column":60}},"3":{"start":{"line":4,"column":0},"end":{"line":4,"column":55}},"4":{"start":{"line":5,"column":0},"end":{"line":5,"column":0}},"5":{"start":{"line":6,"column":0},"end":{"line":6,"column":60}}},"s":{"0":0,"1":0,"2":0,"3":0,"4":0,"5":0},"branchMap":{"0":{"type":"branch","line":1,"loc":{"start":{"line":1,"column":270},"end":{"line":6,"column":60}},"locations":[{"start":{"line":1,"column":270},"end":{"line":6,"column":60}}]}},"b":{"0":[0]},"fnMap":{"0":{"name":"(empty-report)","decl":{"start":{"line":1,"column":270},"end":{"line":6,"column":60}},"loc":{"start":{"line":1,"column":270},"end":{"line":6,"column":60}},"line":1}},"f":{"0":0}}
,"/mnt/data/servora_cov_work/apps/waiter-app/src/features/auth/storage.ts": {"path":"/mnt/data/servora_cov_work/apps/waiter-app/src/features/auth/storage.ts","all":false,"statementMap":{"0":{"start":{"line":1,"column":0},"end":{"line":1,"column":63}},"1":{"start":{"line":2,"column":0},"end":{"line":2,"column":39}},"2":{"start":{"line":3,"column":0},"end":{"line":3,"column":0}},"3":{"start":{"line":4,"column":0},"end":{"line":4,"column":38}},"4":{"start":{"line":5,"column":0},"end":{"line":5,"column":0}},"5":{"start":{"line":6,"column":0},"end":{"line":6,"column":46}},"6":{"start":{"line":7,"column":0},"end":{"line":7,"column":22}},"7":{"start":{"line":8,"column":0},"end":{"line":8,"column":2}},"8":{"start":{"line":9,"column":0},"end":{"line":9,"column":0}},"9":{"start":{"line":10,"column":0},"end":{"line":10,"column":34}},"10":{"start":{"line":11,"column":0},"end":{"line":11,"column":21}},"11":{"start":{"line":12,"column":0},"end":{"line":12,"column":47}},"12":{"start":{"line":13,"column":0},"end":{"line":13,"column":47}},"13":{"start":{"line":14,"column":0},"end":{"line":14,"column":2}},"14":{"start":{"line":15,"column":0},"end":{"line":15,"column":0}},"15":{"start":{"line":16,"column":0},"end":{"line":16,"column":78}},"16":{"start":{"line":17,"column":0},"end":{"line":17,"column":57}},"17":{"start":{"line":18,"column":0},"end":{"line":18,"column":68}},"18":{"start":{"line":19,"column":0},"end":{"line":19,"column":52}},"19":{"start":{"line":20,"column":0},"end":{"line":20,"column":2}},"20":{"start":{"line":21,"column":0},"end":{"line":21,"column":0}},"21":{"start":{"line":22,"column":0},"end":{"line":22,"column":44}},"22":{"start":{"line":23,"column":0},"end":{"line":23,"column":80}},"23":{"start":{"line":24,"column":0},"end":{"line":24,"column":23}},"24":{"start":{"line":25,"column":0},"end":{"line":25,"column":29}},"25":{"start":{"line":26,"column":0},"end":{"line":26,"column":19}},"26":{"start":{"line":27,"column":0},"end":{"line":27,"column":17}},"27":{"start":{"line":28,"column":0},"end":{"line":28,"column":16}},"28":{"start":{"line":29,"column":0},"end":{"line":29,"column":46}},"29":{"start":{"line":30,"column":0},"end":{"line":30,"column":65}},"30":{"start":{"line":31,"column":0},"end":{"line":31,"column":12}},"31":{"start":{"line":32,"column":0},"end":{"line":32,"column":10}},"32":{"start":{"line":33,"column":0},"end":{"line":33,"column":8}},"33":{"start":{"line":34,"column":0},"end":{"line":34,"column":6}},"34":{"start":{"line":35,"column":0},"end":{"line":35,"column":4}},"35":{"start":{"line":36,"column":0},"end":{"line":36,"column":2}},"36":{"start":{"line":37,"column":0},"end":{"line":37,"column":0}},"37":{"start":{"line":38,"column":0},"end":{"line":38,"column":63}},"38":{"start":{"line":39,"column":0},"end":{"line":39,"column":7}},"39":{"start":{"line":40,"column":0},"end":{"line":40,"column":12}},"40":{"start":{"line":41,"column":0},"end":{"line":41,"column":17}},"41":{"start":{"line":42,"column":0},"end":{"line":42,"column":63}},"42":{"start":{"line":43,"column":0},"end":{"line":43,"column":19}},"43":{"start":{"line":44,"column":0},"end":{"line":44,"column":27}},"44":{"start":{"line":45,"column":0},"end":{"line":45,"column":11}},"45":{"start":{"line":46,"column":0},"end":{"line":46,"column":17}},"46":{"start":{"line":47,"column":0},"end":{"line":47,"column":3}},"47":{"start":{"line":48,"column":0},"end":{"line":48,"column":2}},"48":{"start":{"line":49,"column":0},"end":{"line":49,"column":0}},"49":{"start":{"line":50,"column":0},"end":{"line":50,"column":57}},"50":{"start":{"line":51,"column":0},"end":{"line":51,"column":0}},"51":{"start":{"line":52,"column":0},"end":{"line":52,"column":44}},"52":{"start":{"line":53,"column":0},"end":{"line":53,"column":61}},"53":{"start":{"line":54,"column":0},"end":{"line":54,"column":2}},"54":{"start":{"line":55,"column":0},"end":{"line":55,"column":0}},"55":{"start":{"line":56,"column":0},"end":{"line":56,"column":29}},"56":{"start":{"line":57,"column":0},"end":{"line":57,"column":21}},"57":{"start":{"line":58,"column":0},"end":{"line":58,"column":77}},"58":{"start":{"line":59,"column":0},"end":{"line":59,"column":2}}},"s":{"0":1,"1":1,"2":1,"3":1,"4":1,"5":1,"6":3,"7":3,"8":1,"9":1,"10":1,"11":1,"12":1,"13":1,"14":1,"15":1,"16":4,"17":4,"18":1,"19":4,"20":1,"21":1,"22":1,"23":1,"24":1,"25":1,"26":1,"27":1,"28":1,"29":0,"30":1,"31":1,"32":1,"33":1,"34":1,"35":1,"36":1,"37":1,"38":0,"39":0,"40":0,"41":0,"42":0,"43":0,"44":0,"45":0,"46":0,"47":0,"48":1,"49":1,"50":1,"51":1,"52":2,"53":2,"54":1,"55":1,"56":1,"57":1,"58":1},"branchMap":{"0":{"type":"branch","line":6,"loc":{"start":{"line":6,"column":26},"end":{"line":8,"column":2}},"locations":[{"start":{"line":6,"column":26},"end":{"line":8,"column":2}}]},"1":{"type":"branch","line":10,"loc":{"start":{"line":10,"column":27},"end":{"line":14,"column":2}},"locations":[{"start":{"line":10,"column":27},"end":{"line":14,"column":2}}]},"2":{"type":"branch","line":16,"loc":{"start":{"line":16,"column":27},"end":{"line":20,"column":2}},"locations":[{"start":{"line":16,"column":27},"end":{"line":20,"column":2}}]},"3":{"type":"branch","line":18,"loc":{"start":{"line":18,"column":16},"end":{"line":18,"column":68}},"locations":[{"start":{"line":18,"column":16},"end":{"line":18,"column":68}}]},"4":{"type":"branch","line":18,"loc":{"start":{"line":18,"column":66},"end":{"line":19,"column":52}},"locations":[{"start":{"line":18,"column":66},"end":{"line":19,"column":52}}]},"5":{"type":"branch","line":22,"loc":{"start":{"line":22,"column":27},"end":{"line":36,"column":2}},"locations":[{"start":{"line":22,"column":27},"end":{"line":36,"column":2}}]},"6":{"type":"branch","line":50,"loc":{"start":{"line":50,"column":24},"end":{"line":50,"column":57}},"locations":[{"start":{"line":50,"column":24},"end":{"line":50,"column":57}}]},"7":{"type":"branch","line":52,"loc":{"start":{"line":52,"column":29},"end":{"line":54,"column":2}},"locations":[{"start":{"line":52,"column":29},"end":{"line":54,"column":2}}]},"8":{"type":"branch","line":53,"loc":{"start":{"line":53,"column":47},"end":{"line":53,"column":61}},"locations":[{"start":{"line":53,"column":47},"end":{"line":53,"column":61}}]},"9":{"type":"branch","line":56,"loc":{"start":{"line":56,"column":22},"end":{"line":59,"column":2}},"locations":[{"start":{"line":56,"column":22},"end":{"line":59,"column":2}}]},"10":{"type":"branch","line":58,"loc":{"start":{"line":58,"column":38},"end":{"line":58,"column":75}},"locations":[{"start":{"line":58,"column":38},"end":{"line":58,"column":75}}]}},"b":{"0":[3],"1":[1],"2":[4],"3":[3],"4":[1],"5":[1],"6":[1],"7":[2],"8":[1],"9":[1],"10":[4]},"fnMap":{"0":{"name":"saveTokens","decl":{"start":{"line":6,"column":26},"end":{"line":8,"column":2}},"loc":{"start":{"line":6,"column":26},"end":{"line":8,"column":2}},"line":6},"1":{"name":"clearTokens","decl":{"start":{"line":10,"column":27},"end":{"line":14,"column":2}},"loc":{"start":{"line":10,"column":27},"end":{"line":14,"column":2}},"line":10},"2":{"name":"saveContext","decl":{"start":{"line":16,"column":27},"end":{"line":20,"column":2}},"loc":{"start":{"line":16,"column":27},"end":{"line":20,"column":2}},"line":16},"3":{"name":"saveProfile","decl":{"start":{"line":22,"column":27},"end":{"line":36,"column":2}},"loc":{"start":{"line":22,"column":27},"end":{"line":36,"column":2}},"line":22},"4":{"name":"hasPermission","decl":{"start":{"line":38,"column":29},"end":{"line":48,"column":2}},"loc":{"start":{"line":38,"column":29},"end":{"line":48,"column":2}},"line":38},"5":{"name":"getToken","decl":{"start":{"line":50,"column":24},"end":{"line":50,"column":57}},"loc":{"start":{"line":50,"column":24},"end":{"line":50,"column":57}},"line":50},"6":{"name":"getWaiterName","decl":{"start":{"line":52,"column":29},"end":{"line":54,"column":2}},"loc":{"start":{"line":52,"column":29},"end":{"line":54,"column":2}},"line":52},"7":{"name":"logout","decl":{"start":{"line":56,"column":22},"end":{"line":59,"column":2}},"loc":{"start":{"line":56,"column":22},"end":{"line":59,"column":2}},"line":56}},"f":{"0":3,"1":1,"2":4,"3":1,"4":0,"5":1,"6":2,"7":1}}
,"/mnt/data/servora_cov_work/apps/waiter-app/src/features/auth/types.ts": {"path":"/mnt/data/servora_cov_work/apps/waiter-app/src/features/auth/types.ts","all":false,"statementMap":{"0":{"start":{"line":1,"column":0},"end":{"line":1,"column":24}},"1":{"start":{"line":2,"column":0},"end":{"line":2,"column":46}},"2":{"start":{"line":3,"column":0},"end":{"line":3,"column":68}},"3":{"start":{"line":4,"column":0},"end":{"line":4,"column":0}},"4":{"start":{"line":5,"column":0},"end":{"line":5,"column":45}},"5":{"start":{"line":6,"column":0},"end":{"line":6,"column":64}},"6":{"start":{"line":7,"column":0},"end":{"line":7,"column":44}},"7":{"start":{"line":8,"column":0},"end":{"line":8,"column":0}},"8":{"start":{"line":9,"column":0},"end":{"line":9,"column":30}},"9":{"start":{"line":10,"column":0},"end":{"line":10,"column":22}},"10":{"start":{"line":11,"column":0},"end":{"line":11,"column":13}},"11":{"start":{"line":12,"column":0},"end":{"line":12,"column":1}}},"s":{"0":1,"1":1,"2":1,"3":1,"4":1,"5":1,"6":1,"7":1,"8":1,"9":1,"10":1,"11":1},"branchMap":{},"b":{},"fnMap":{},"f":{}}
,"/mnt/data/servora_cov_work/apps/waiter-app/src/features/auth/api/login.ts": {"path":"/mnt/data/servora_cov_work/apps/waiter-app/src/features/auth/api/login.ts","all":false,"statementMap":{"0":{"start":{"line":1,"column":0},"end":{"line":1,"column":67}},"1":{"start":{"line":2,"column":0},"end":{"line":2,"column":52}},"2":{"start":{"line":3,"column":0},"end":{"line":3,"column":79}},"3":{"start":{"line":4,"column":0},"end":{"line":4,"column":63}},"4":{"start":{"line":5,"column":0},"end":{"line":5,"column":54}},"5":{"start":{"line":6,"column":0},"end":{"line":6,"column":0}},"6":{"start":{"line":7,"column":0},"end":{"line":7,"column":41}},"7":{"start":{"line":8,"column":0},"end":{"line":8,"column":29}},"8":{"start":{"line":9,"column":0},"end":{"line":9,"column":0}},"9":{"start":{"line":10,"column":0},"end":{"line":10,"column":22}},"10":{"start":{"line":11,"column":0},"end":{"line":11,"column":16}},"11":{"start":{"line":12,"column":0},"end":{"line":12,"column":19}},"12":{"start":{"line":13,"column":0},"end":{"line":13,"column":29}},"13":{"start":{"line":14,"column":0},"end":{"line":14,"column":44}},"14":{"start":{"line":15,"column":0},"end":{"line":15,"column":2}},"15":{"start":{"line":16,"column":0},"end":{"line":16,"column":52}},"16":{"start":{"line":17,"column":0},"end":{"line":17,"column":46}},"17":{"start":{"line":18,"column":0},"end":{"line":18,"column":34}},"18":{"start":{"line":19,"column":0},"end":{"line":19,"column":0}},"19":{"start":{"line":20,"column":0},"end":{"line":20,"column":37}},"20":{"start":{"line":21,"column":0},"end":{"line":21,"column":37}},"21":{"start":{"line":22,"column":0},"end":{"line":22,"column":31}},"22":{"start":{"line":23,"column":0},"end":{"line":23,"column":31}},"23":{"start":{"line":24,"column":0},"end":{"line":24,"column":53}},"24":{"start":{"line":25,"column":0},"end":{"line":25,"column":20}},"25":{"start":{"line":26,"column":0},"end":{"line":26,"column":67}},"26":{"start":{"line":27,"column":0},"end":{"line":27,"column":19}},"27":{"start":{"line":28,"column":0},"end":{"line":28,"column":31}},"28":{"start":{"line":29,"column":0},"end":{"line":29,"column":0}},"29":{"start":{"line":30,"column":0},"end":{"line":30,"column":16}},"30":{"start":{"line":31,"column":0},"end":{"line":31,"column":68}},"31":{"start":{"line":32,"column":0},"end":{"line":32,"column":64}},"32":{"start":{"line":33,"column":0},"end":{"line":33,"column":27}},"33":{"start":{"line":34,"column":0},"end":{"line":34,"column":0}},"34":{"start":{"line":35,"column":0},"end":{"line":35,"column":65}},"35":{"start":{"line":36,"column":0},"end":{"line":36,"column":2}},"36":{"start":{"line":37,"column":0},"end":{"line":37,"column":0}},"37":{"start":{"line":38,"column":0},"end":{"line":38,"column":61}},"38":{"start":{"line":39,"column":0},"end":{"line":39,"column":44}},"39":{"start":{"line":40,"column":0},"end":{"line":40,"column":36}},"40":{"start":{"line":41,"column":0},"end":{"line":41,"column":50}},"41":{"start":{"line":42,"column":0},"end":{"line":42,"column":39}},"42":{"start":{"line":43,"column":0},"end":{"line":43,"column":16}},"43":{"start":{"line":44,"column":0},"end":{"line":44,"column":46}},"44":{"start":{"line":45,"column":0},"end":{"line":45,"column":46}},"45":{"start":{"line":46,"column":0},"end":{"line":46,"column":4}},"46":{"start":{"line":47,"column":0},"end":{"line":47,"column":17}},"47":{"start":{"line":48,"column":0},"end":{"line":48,"column":76}},"48":{"start":{"line":49,"column":0},"end":{"line":49,"column":3}},"49":{"start":{"line":50,"column":0},"end":{"line":50,"column":50}},"50":{"start":{"line":51,"column":0},"end":{"line":51,"column":34}},"51":{"start":{"line":52,"column":0},"end":{"line":52,"column":20}},"52":{"start":{"line":53,"column":0},"end":{"line":53,"column":14}},"53":{"start":{"line":54,"column":0},"end":{"line":54,"column":2}},"54":{"start":{"line":55,"column":0},"end":{"line":55,"column":0}},"55":{"start":{"line":56,"column":0},"end":{"line":56,"column":44}}},"s":{"0":1,"1":1,"2":1,"3":1,"4":1,"5":1,"6":1,"7":1,"8":1,"9":1,"10":1,"11":1,"12":1,"13":1,"14":1,"15":1,"16":1,"17":1,"18":1,"19":1,"20":2,"21":2,"22":2,"23":2,"24":2,"25":2,"26":1,"27":2,"28":2,"29":2,"30":2,"31":1,"32":2,"33":2,"34":2,"35":2,"36":1,"37":1,"38":0,"39":0,"40":0,"41":0,"42":0,"43":0,"44":0,"45":0,"46":0,"47":0,"48":0,"49":0,"50":0,"51":0,"52":0,"53":0,"54":1,"55":1},"branchMap":{"0":{"type":"branch","line":10,"loc":{"start":{"line":10,"column":21},"end":{"line":15,"column":2}},"locations":[{"start":{"line":10,"column":21},"end":{"line":15,"column":2}}]},"1":{"type":"branch","line":20,"loc":{"start":{"line":20,"column":36},"end":{"line":36,"column":2}},"locations":[{"start":{"line":20,"column":36},"end":{"line":36,"column":2}}]},"2":{"type":"branch","line":26,"loc":{"start":{"line":26,"column":63},"end":{"line":27,"column":19}},"locations":[{"start":{"line":26,"column":63},"end":{"line":27,"column":19}}]},"3":{"type":"branch","line":28,"loc":{"start":{"line":28,"column":19},"end":{"line":28,"column":31}},"locations":[{"start":{"line":28,"column":19},"end":{"line":28,"column":31}}]},"4":{"type":"branch","line":31,"loc":{"start":{"line":31,"column":64},"end":{"line":32,"column":64}},"locations":[{"start":{"line":31,"column":64},"end":{"line":32,"column":64}}]},"5":{"type":"branch","line":33,"loc":{"start":{"line":33,"column":15},"end":{"line":33,"column":27}},"locations":[{"start":{"line":33,"column":15},"end":{"line":33,"column":27}}]},"6":{"type":"branch","line":26,"loc":{"start":{"line":26,"column":21},"end":{"line":26,"column":63}},"locations":[{"start":{"line":26,"column":21},"end":{"line":26,"column":63}}]},"7":{"type":"branch","line":31,"loc":{"start":{"line":31,"column":29},"end":{"line":31,"column":64}},"locations":[{"start":{"line":31,"column":29},"end":{"line":31,"column":64}}]},"8":{"type":"branch","line":32,"loc":{"start":{"line":32,"column":29},"end":{"line":32,"column":62}},"locations":[{"start":{"line":32,"column":29},"end":{"line":32,"column":62}}]}},"b":{"0":[1],"1":[2],"2":[1],"3":[0],"4":[1],"5":[0],"6":[2],"7":[4],"8":[1]},"fnMap":{"0":{"name":"login","decl":{"start":{"line":10,"column":21},"end":{"line":15,"column":2}},"loc":{"start":{"line":10,"column":21},"end":{"line":15,"column":2}},"line":10},"1":{"name":"resolveWaiterContext","decl":{"start":{"line":20,"column":36},"end":{"line":36,"column":2}},"loc":{"start":{"line":20,"column":36},"end":{"line":36,"column":2}},"line":20},"2":{"name":"restoreSession","decl":{"start":{"line":38,"column":30},"end":{"line":54,"column":2}},"loc":{"start":{"line":38,"column":30},"end":{"line":54,"column":2}},"line":38}},"f":{"0":1,"1":2,"2":0}}
,"/mnt/data/servora_cov_work/apps/waiter-app/src/features/auth/components/BranchSelector.tsx": {"path":"/mnt/data/servora_cov_work/apps/waiter-app/src/features/auth/components/BranchSelector.tsx","all":false,"statementMap":{"0":{"start":{"line":1,"column":0},"end":{"line":1,"column":33}},"1":{"start":{"line":2,"column":0},"end":{"line":2,"column":44}},"2":{"start":{"line":3,"column":0},"end":{"line":3,"column":32}},"3":{"start":{"line":4,"column":0},"end":{"line":4,"column":54}},"4":{"start":{"line":5,"column":0},"end":{"line":5,"column":0}},"5":{"start":{"line":6,"column":0},"end":{"line":6,"column":17}},"6":{"start":{"line":7,"column":0},"end":{"line":7,"column":44}},"7":{"start":{"line":8,"column":0},"end":{"line":8,"column":39}},"8":{"start":{"line":9,"column":0},"end":{"line":9,"column":21}},"9":{"start":{"line":10,"column":0},"end":{"line":10,"column":1}},"10":{"start":{"line":11,"column":0},"end":{"line":11,"column":74}},"11":{"start":{"line":12,"column":0},"end":{"line":12,"column":47}},"12":{"start":{"line":13,"column":0},"end":{"line":13,"column":22}},"13":{"start":{"line":14,"column":0},"end":{"line":14,"column":20}},"14":{"start":{"line":15,"column":0},"end":{"line":15,"column":65}},"15":{"start":{"line":16,"column":0},"end":{"line":16,"column":13}},"16":{"start":{"line":17,"column":0},"end":{"line":17,"column":5}},"17":{"start":{"line":18,"column":0},"end":{"line":18,"column":23}},"18":{"start":{"line":19,"column":0},"end":{"line":19,"column":3}},"19":{"start":{"line":20,"column":0},"end":{"line":20,"column":10}},"20":{"start":{"line":21,"column":0},"end":{"line":21,"column":31}},"21":{"start":{"line":22,"column":0},"end":{"line":22,"column":66}},"22":{"start":{"line":23,"column":0},"end":{"line":23,"column":27}},"23":{"start":{"line":24,"column":0},"end":{"line":24,"column":10}},"24":{"start":{"line":25,"column":0},"end":{"line":25,"column":28}},"25":{"start":{"line":26,"column":0},"end":{"line":26,"column":15}},"26":{"start":{"line":27,"column":0},"end":{"line":27,"column":20}},"27":{"start":{"line":28,"column":0},"end":{"line":28,"column":23}},"28":{"start":{"line":29,"column":0},"end":{"line":29,"column":43}},"29":{"start":{"line":30,"column":0},"end":{"line":30,"column":182}},"30":{"start":{"line":31,"column":0},"end":{"line":31,"column":9}},"31":{"start":{"line":32,"column":0},"end":{"line":32,"column":15}},"32":{"start":{"line":33,"column":0},"end":{"line":33,"column":71}},"33":{"start":{"line":34,"column":0},"end":{"line":34,"column":76}},"34":{"start":{"line":35,"column":0},"end":{"line":35,"column":16}},"35":{"start":{"line":36,"column":0},"end":{"line":36,"column":33}},"36":{"start":{"line":37,"column":0},"end":{"line":37,"column":61}},"37":{"start":{"line":38,"column":0},"end":{"line":38,"column":12}},"38":{"start":{"line":39,"column":0},"end":{"line":39,"column":17}},"39":{"start":{"line":40,"column":0},"end":{"line":40,"column":9}},"40":{"start":{"line":41,"column":0},"end":{"line":41,"column":13}},"41":{"start":{"line":42,"column":0},"end":{"line":42,"column":21}},"42":{"start":{"line":43,"column":0},"end":{"line":43,"column":25}},"43":{"start":{"line":44,"column":0},"end":{"line":44,"column":28}},"44":{"start":{"line":45,"column":0},"end":{"line":45,"column":116}},"45":{"start":{"line":46,"column":0},"end":{"line":46,"column":7}},"46":{"start":{"line":47,"column":0},"end":{"line":47,"column":19}},"47":{"start":{"line":48,"column":0},"end":{"line":48,"column":15}},"48":{"start":{"line":49,"column":0},"end":{"line":49,"column":13}},"49":{"start":{"line":50,"column":0},"end":{"line":50,"column":21}},"50":{"start":{"line":51,"column":0},"end":{"line":51,"column":24}},"51":{"start":{"line":52,"column":0},"end":{"line":52,"column":58}},"52":{"start":{"line":53,"column":0},"end":{"line":53,"column":7}},"53":{"start":{"line":54,"column":0},"end":{"line":54,"column":14}},"54":{"start":{"line":55,"column":0},"end":{"line":55,"column":15}},"55":{"start":{"line":56,"column":0},"end":{"line":56,"column":10}},"56":{"start":{"line":57,"column":0},"end":{"line":57,"column":4}},"57":{"start":{"line":58,"column":0},"end":{"line":58,"column":2}}},"s":{"0":1,"1":1,"2":1,"3":1,"4":1,"5":1,"6":1,"7":1,"8":1,"9":1,"10":1,"11":1,"12":1,"13":0,"14":0,"15":0,"16":0,"17":0,"18":0,"19":1,"20":1,"21":1,"22":1,"23":1,"24":1,"25":0,"26":0,"27":0,"28":0,"29":0,"30":0,"31":0,"32":0,"33":0,"34":0,"35":0,"36":0,"37":0,"38":0,"39":1,"40":1,"41":1,"42":1,"43":1,"44":1,"45":1,"46":1,"47":1,"48":1,"49":1,"50":1,"51":1,"52":1,"53":1,"54":1,"55":1,"56":1,"57":1},"branchMap":{"0":{"type":"branch","line":11,"loc":{"start":{"line":11,"column":30},"end":{"line":58,"column":2}},"locations":[{"start":{"line":11,"column":30},"end":{"line":58,"column":2}}]}},"b":{"0":[1]},"fnMap":{"0":{"name":"BranchSelector","decl":{"start":{"line":11,"column":30},"end":{"line":58,"column":2}},"loc":{"start":{"line":11,"column":30},"end":{"line":58,"column":2}},"line":11},"1":{"name":"confirm","decl":{"start":{"line":13,"column":2},"end":{"line":19,"column":3}},"loc":{"start":{"line":13,"column":2},"end":{"line":19,"column":3}},"line":13}},"f":{"0":1,"1":0}}
,"/mnt/data/servora_cov_work/apps/waiter-app/src/features/auth/components/LoginForm.tsx": {"path":"/mnt/data/servora_cov_work/apps/waiter-app/src/features/auth/components/LoginForm.tsx","all":false,"statementMap":{"0":{"start":{"line":1,"column":0},"end":{"line":1,"column":42}},"1":{"start":{"line":2,"column":0},"end":{"line":2,"column":54}},"2":{"start":{"line":3,"column":0},"end":{"line":3,"column":80}},"3":{"start":{"line":4,"column":0},"end":{"line":4,"column":11}},"4":{"start":{"line":5,"column":0},"end":{"line":5,"column":167}},"5":{"start":{"line":6,"column":0},"end":{"line":6,"column":27}},"6":{"start":{"line":7,"column":0},"end":{"line":7,"column":11}},"7":{"start":{"line":8,"column":0},"end":{"line":8,"column":10}},"8":{"start":{"line":9,"column":0},"end":{"line":9,"column":4}},"9":{"start":{"line":10,"column":0},"end":{"line":10,"column":45}},"10":{"start":{"line":11,"column":0},"end":{"line":11,"column":19}},"11":{"start":{"line":12,"column":0},"end":{"line":12,"column":7}},"12":{"start":{"line":13,"column":0},"end":{"line":13,"column":9}},"13":{"start":{"line":14,"column":0},"end":{"line":14,"column":13}},"14":{"start":{"line":15,"column":0},"end":{"line":15,"column":17}},"15":{"start":{"line":16,"column":0},"end":{"line":16,"column":26}},"16":{"start":{"line":17,"column":0},"end":{"line":17,"column":32}},"17":{"start":{"line":18,"column":0},"end":{"line":18,"column":45}},"18":{"start":{"line":19,"column":0},"end":{"line":19,"column":47}},"19":{"start":{"line":20,"column":0},"end":{"line":20,"column":5}},"20":{"start":{"line":21,"column":0},"end":{"line":21,"column":10}},"21":{"start":{"line":22,"column":0},"end":{"line":22,"column":66}},"22":{"start":{"line":23,"column":0},"end":{"line":23,"column":11}},"23":{"start":{"line":24,"column":0},"end":{"line":24,"column":14}},"24":{"start":{"line":25,"column":0},"end":{"line":25,"column":32}},"25":{"start":{"line":26,"column":0},"end":{"line":26,"column":100}},"26":{"start":{"line":27,"column":0},"end":{"line":27,"column":9}},"27":{"start":{"line":28,"column":0},"end":{"line":28,"column":15}},"28":{"start":{"line":29,"column":0},"end":{"line":29,"column":16}},"29":{"start":{"line":30,"column":0},"end":{"line":30,"column":14}},"30":{"start":{"line":31,"column":0},"end":{"line":31,"column":27}},"31":{"start":{"line":32,"column":0},"end":{"line":32,"column":22}},"32":{"start":{"line":33,"column":0},"end":{"line":33,"column":42}},"33":{"start":{"line":34,"column":0},"end":{"line":34,"column":32}},"34":{"start":{"line":35,"column":0},"end":{"line":35,"column":25}},"35":{"start":{"line":36,"column":0},"end":{"line":36,"column":30}},"36":{"start":{"line":37,"column":0},"end":{"line":37,"column":10}},"37":{"start":{"line":38,"column":0},"end":{"line":38,"column":26}},"38":{"start":{"line":39,"column":0},"end":{"line":39,"column":76}},"39":{"start":{"line":40,"column":0},"end":{"line":40,"column":10}},"40":{"start":{"line":41,"column":0},"end":{"line":41,"column":12}},"41":{"start":{"line":42,"column":0},"end":{"line":42,"column":11}},"42":{"start":{"line":43,"column":0},"end":{"line":43,"column":14}},"43":{"start":{"line":44,"column":0},"end":{"line":44,"column":35}},"44":{"start":{"line":45,"column":0},"end":{"line":45,"column":100}},"45":{"start":{"line":46,"column":0},"end":{"line":46,"column":9}},"46":{"start":{"line":47,"column":0},"end":{"line":47,"column":18}},"47":{"start":{"line":48,"column":0},"end":{"line":48,"column":16}},"48":{"start":{"line":49,"column":0},"end":{"line":49,"column":14}},"49":{"start":{"line":50,"column":0},"end":{"line":50,"column":30}},"50":{"start":{"line":51,"column":0},"end":{"line":51,"column":25}},"51":{"start":{"line":52,"column":0},"end":{"line":52,"column":32}},"52":{"start":{"line":53,"column":0},"end":{"line":53,"column":35}},"53":{"start":{"line":54,"column":0},"end":{"line":54,"column":25}},"54":{"start":{"line":55,"column":0},"end":{"line":55,"column":41}},"55":{"start":{"line":56,"column":0},"end":{"line":56,"column":10}},"56":{"start":{"line":57,"column":0},"end":{"line":57,"column":29}},"57":{"start":{"line":58,"column":0},"end":{"line":58,"column":79}},"58":{"start":{"line":59,"column":0},"end":{"line":59,"column":10}},"59":{"start":{"line":60,"column":0},"end":{"line":60,"column":12}},"60":{"start":{"line":61,"column":0},"end":{"line":61,"column":13}},"61":{"start":{"line":62,"column":0},"end":{"line":62,"column":21}},"62":{"start":{"line":63,"column":0},"end":{"line":63,"column":26}},"63":{"start":{"line":64,"column":0},"end":{"line":64,"column":158}},"64":{"start":{"line":65,"column":0},"end":{"line":65,"column":7}},"65":{"start":{"line":66,"column":0},"end":{"line":66,"column":45}},"66":{"start":{"line":67,"column":0},"end":{"line":67,"column":15}},"67":{"start":{"line":68,"column":0},"end":{"line":68,"column":11}},"68":{"start":{"line":69,"column":0},"end":{"line":69,"column":4}},"69":{"start":{"line":70,"column":0},"end":{"line":70,"column":2}}},"s":{"0":1,"1":1,"2":1,"3":1,"4":1,"5":1,"6":2,"7":2,"8":2,"9":2,"10":2,"11":2,"12":2,"13":2,"14":2,"15":2,"16":2,"17":2,"18":2,"19":2,"20":2,"21":2,"22":2,"23":2,"24":2,"25":2,"26":2,"27":2,"28":2,"29":2,"30":2,"31":2,"32":2,"33":2,"34":2,"35":2,"36":2,"37":2,"38":0,"39":2,"40":2,"41":2,"42":2,"43":2,"44":2,"45":2,"46":2,"47":2,"48":2,"49":2,"50":2,"51":2,"52":2,"53":2,"54":2,"55":2,"56":2,"57":0,"58":2,"59":2,"60":2,"61":2,"62":2,"63":2,"64":2,"65":2,"66":2,"67":2,"68":2,"69":2},"branchMap":{"0":{"type":"branch","line":6,"loc":{"start":{"line":6,"column":25},"end":{"line":70,"column":2}},"locations":[{"start":{"line":6,"column":25},"end":{"line":70,"column":2}}]},"1":{"type":"branch","line":38,"loc":{"start":{"line":38,"column":16},"end":{"line":39,"column":76}},"locations":[{"start":{"line":38,"column":16},"end":{"line":39,"column":76}}]},"2":{"type":"branch","line":57,"loc":{"start":{"line":57,"column":16},"end":{"line":58,"column":79}},"locations":[{"start":{"line":57,"column":16},"end":{"line":58,"column":79}}]},"3":{"type":"branch","line":66,"loc":{"start":{"line":66,"column":9},"end":{"line":66,"column":35}},"locations":[{"start":{"line":66,"column":9},"end":{"line":66,"column":35}}]}},"b":{"0":[2],"1":[0],"2":[0],"3":[0]},"fnMap":{"0":{"name":"LoginForm","decl":{"start":{"line":6,"column":25},"end":{"line":70,"column":2}},"loc":{"start":{"line":6,"column":25},"end":{"line":70,"column":2}},"line":6}},"f":{"0":2}}
,"/mnt/data/servora_cov_work/apps/waiter-app/src/features/auth/components/MembershipSelector.tsx": {"path":"/mnt/data/servora_cov_work/apps/waiter-app/src/features/auth/components/MembershipSelector.tsx","all":false,"statementMap":{"0":{"start":{"line":1,"column":0},"end":{"line":1,"column":41}},"1":{"start":{"line":2,"column":0},"end":{"line":2,"column":54}},"2":{"start":{"line":3,"column":0},"end":{"line":3,"column":0}},"3":{"start":{"line":4,"column":0},"end":{"line":4,"column":36}},"4":{"start":{"line":5,"column":0},"end":{"line":5,"column":14}},"5":{"start":{"line":6,"column":0},"end":{"line":6,"column":11}},"6":{"start":{"line":7,"column":0},"end":{"line":7,"column":4}},"7":{"start":{"line":8,"column":0},"end":{"line":8,"column":37}},"8":{"start":{"line":9,"column":0},"end":{"line":9,"column":33}},"9":{"start":{"line":10,"column":0},"end":{"line":10,"column":7}},"10":{"start":{"line":11,"column":0},"end":{"line":11,"column":10}},"11":{"start":{"line":12,"column":0},"end":{"line":12,"column":31}},"12":{"start":{"line":13,"column":0},"end":{"line":13,"column":66}},"13":{"start":{"line":14,"column":0},"end":{"line":14,"column":28}},"14":{"start":{"line":15,"column":0},"end":{"line":15,"column":10}},"15":{"start":{"line":16,"column":0},"end":{"line":16,"column":31}},"16":{"start":{"line":17,"column":0},"end":{"line":17,"column":15}},"17":{"start":{"line":18,"column":0},"end":{"line":18,"column":30}},"18":{"start":{"line":19,"column":0},"end":{"line":19,"column":23}},"19":{"start":{"line":20,"column":0},"end":{"line":20,"column":50}},"20":{"start":{"line":21,"column":0},"end":{"line":21,"column":128}},"21":{"start":{"line":22,"column":0},"end":{"line":22,"column":9}},"22":{"start":{"line":23,"column":0},"end":{"line":23,"column":56}},"23":{"start":{"line":24,"column":0},"end":{"line":24,"column":16}},"24":{"start":{"line":25,"column":0},"end":{"line":25,"column":68}},"25":{"start":{"line":26,"column":0},"end":{"line":26,"column":29}},"26":{"start":{"line":27,"column":0},"end":{"line":27,"column":19}},"27":{"start":{"line":28,"column":0},"end":{"line":28,"column":58}},"28":{"start":{"line":29,"column":0},"end":{"line":29,"column":53}},"29":{"start":{"line":30,"column":0},"end":{"line":30,"column":19}},"30":{"start":{"line":31,"column":0},"end":{"line":31,"column":17}},"31":{"start":{"line":32,"column":0},"end":{"line":32,"column":17}},"32":{"start":{"line":33,"column":0},"end":{"line":33,"column":9}},"33":{"start":{"line":34,"column":0},"end":{"line":34,"column":10}},"34":{"start":{"line":35,"column":0},"end":{"line":35,"column":4}},"35":{"start":{"line":36,"column":0},"end":{"line":36,"column":2}}},"s":{"0":1,"1":1,"2":1,"3":1,"4":1,"5":1,"6":1,"7":1,"8":1,"9":1,"10":1,"11":1,"12":1,"13":1,"14":1,"15":1,"16":0,"17":0,"18":0,"19":0,"20":0,"21":0,"22":0,"23":0,"24":0,"25":0,"26":0,"27":0,"28":0,"29":0,"30":0,"31":0,"32":1,"33":1,"34":1,"35":1},"branchMap":{"0":{"type":"branch","line":4,"loc":{"start":{"line":4,"column":34},"end":{"line":36,"column":2}},"locations":[{"start":{"line":4,"column":34},"end":{"line":36,"column":2}}]}},"b":{"0":[1]},"fnMap":{"0":{"name":"MembershipSelector","decl":{"start":{"line":4,"column":34},"end":{"line":36,"column":2}},"loc":{"start":{"line":4,"column":34},"end":{"line":36,"column":2}},"line":4}},"f":{"0":1}}
,"/mnt/data/servora_cov_work/apps/waiter-app/src/features/auth/hooks/useLogin.ts": {"path":"/mnt/data/servora_cov_work/apps/waiter-app/src/features/auth/hooks/useLogin.ts","all":false,"statementMap":{"0":{"start":{"line":1,"column":0},"end":{"line":1,"column":33}},"1":{"start":{"line":2,"column":0},"end":{"line":2,"column":52}},"2":{"start":{"line":3,"column":0},"end":{"line":3,"column":32}},"3":{"start":{"line":4,"column":0},"end":{"line":4,"column":50}},"4":{"start":{"line":5,"column":0},"end":{"line":5,"column":77}},"5":{"start":{"line":6,"column":0},"end":{"line":6,"column":8}},"6":{"start":{"line":7,"column":0},"end":{"line":7,"column":13}},"7":{"start":{"line":8,"column":0},"end":{"line":8,"column":14}},"8":{"start":{"line":9,"column":0},"end":{"line":9,"column":14}},"9":{"start":{"line":10,"column":0},"end":{"line":10,"column":14}},"10":{"start":{"line":11,"column":0},"end":{"line":11,"column":33}},"11":{"start":{"line":12,"column":0},"end":{"line":12,"column":13}},"12":{"start":{"line":13,"column":0},"end":{"line":13,"column":22}},"13":{"start":{"line":14,"column":0},"end":{"line":14,"column":18}},"14":{"start":{"line":15,"column":0},"end":{"line":15,"column":31}},"15":{"start":{"line":16,"column":0},"end":{"line":16,"column":0}},"16":{"start":{"line":17,"column":0},"end":{"line":17,"column":26}},"17":{"start":{"line":18,"column":0},"end":{"line":18,"column":48}},"18":{"start":{"line":19,"column":0},"end":{"line":19,"column":37}},"19":{"start":{"line":20,"column":0},"end":{"line":20,"column":44}},"20":{"start":{"line":21,"column":0},"end":{"line":21,"column":54}},"21":{"start":{"line":22,"column":0},"end":{"line":22,"column":51}},"22":{"start":{"line":23,"column":0},"end":{"line":23,"column":56}},"23":{"start":{"line":24,"column":0},"end":{"line":24,"column":21}},"24":{"start":{"line":25,"column":0},"end":{"line":25,"column":33}},"25":{"start":{"line":26,"column":0},"end":{"line":26,"column":1}},"26":{"start":{"line":27,"column":0},"end":{"line":27,"column":0}},"27":{"start":{"line":28,"column":0},"end":{"line":28,"column":66}},"28":{"start":{"line":29,"column":0},"end":{"line":29,"column":76}},"29":{"start":{"line":30,"column":0},"end":{"line":30,"column":18}},"30":{"start":{"line":31,"column":0},"end":{"line":31,"column":4}},"31":{"start":{"line":32,"column":0},"end":{"line":32,"column":76}},"32":{"start":{"line":33,"column":0},"end":{"line":33,"column":49}},"33":{"start":{"line":34,"column":0},"end":{"line":34,"column":47}},"34":{"start":{"line":35,"column":0},"end":{"line":35,"column":80}},"35":{"start":{"line":36,"column":0},"end":{"line":36,"column":0}},"36":{"start":{"line":37,"column":0},"end":{"line":37,"column":63}},"37":{"start":{"line":38,"column":0},"end":{"line":38,"column":36}},"38":{"start":{"line":39,"column":0},"end":{"line":39,"column":54}},"39":{"start":{"line":40,"column":0},"end":{"line":40,"column":44}},"40":{"start":{"line":41,"column":0},"end":{"line":41,"column":6}},"41":{"start":{"line":42,"column":0},"end":{"line":42,"column":33}},"42":{"start":{"line":43,"column":0},"end":{"line":43,"column":78}},"43":{"start":{"line":44,"column":0},"end":{"line":44,"column":5}},"44":{"start":{"line":45,"column":0},"end":{"line":45,"column":38}},"45":{"start":{"line":46,"column":0},"end":{"line":46,"column":63}},"46":{"start":{"line":47,"column":0},"end":{"line":47,"column":41}},"47":{"start":{"line":48,"column":0},"end":{"line":48,"column":30}},"48":{"start":{"line":49,"column":0},"end":{"line":49,"column":16}},"49":{"start":{"line":50,"column":0},"end":{"line":50,"column":13}},"50":{"start":{"line":51,"column":0},"end":{"line":51,"column":5}},"51":{"start":{"line":52,"column":0},"end":{"line":52,"column":44}},"52":{"start":{"line":53,"column":0},"end":{"line":53,"column":32}},"53":{"start":{"line":54,"column":0},"end":{"line":54,"column":22}},"54":{"start":{"line":55,"column":0},"end":{"line":55,"column":4}},"55":{"start":{"line":56,"column":0},"end":{"line":56,"column":0}},"56":{"start":{"line":57,"column":0},"end":{"line":57,"column":32}},"57":{"start":{"line":58,"column":0},"end":{"line":58,"column":51}},"58":{"start":{"line":59,"column":0},"end":{"line":59,"column":62}},"59":{"start":{"line":60,"column":0},"end":{"line":60,"column":37}},"60":{"start":{"line":61,"column":0},"end":{"line":61,"column":31}},"61":{"start":{"line":62,"column":0},"end":{"line":62,"column":44}},"62":{"start":{"line":63,"column":0},"end":{"line":63,"column":23}},"63":{"start":{"line":64,"column":0},"end":{"line":64,"column":79}},"64":{"start":{"line":65,"column":0},"end":{"line":65,"column":27}},"65":{"start":{"line":66,"column":0},"end":{"line":66,"column":54}},"66":{"start":{"line":67,"column":0},"end":{"line":67,"column":33}},"67":{"start":{"line":68,"column":0},"end":{"line":68,"column":6}},"68":{"start":{"line":69,"column":0},"end":{"line":69,"column":32}},"69":{"start":{"line":70,"column":0},"end":{"line":70,"column":20}},"70":{"start":{"line":71,"column":0},"end":{"line":71,"column":61}},"71":{"start":{"line":72,"column":0},"end":{"line":72,"column":6}},"72":{"start":{"line":73,"column":0},"end":{"line":73,"column":5}},"73":{"start":{"line":74,"column":0},"end":{"line":74,"column":0}},"74":{"start":{"line":75,"column":0},"end":{"line":75,"column":10}},"75":{"start":{"line":76,"column":0},"end":{"line":76,"column":9}},"76":{"start":{"line":77,"column":0},"end":{"line":77,"column":16}},"77":{"start":{"line":78,"column":0},"end":{"line":78,"column":13}},"78":{"start":{"line":79,"column":0},"end":{"line":79,"column":57}},"79":{"start":{"line":80,"column":0},"end":{"line":80,"column":31}},"80":{"start":{"line":81,"column":0},"end":{"line":81,"column":69}},"81":{"start":{"line":82,"column":0},"end":{"line":82,"column":12}},"82":{"start":{"line":83,"column":0},"end":{"line":83,"column":48}},"83":{"start":{"line":84,"column":0},"end":{"line":84,"column":65}},"84":{"start":{"line":85,"column":0},"end":{"line":85,"column":10}},"85":{"start":{"line":86,"column":0},"end":{"line":86,"column":6}},"86":{"start":{"line":87,"column":0},"end":{"line":87,"column":40}},"87":{"start":{"line":88,"column":0},"end":{"line":88,"column":36}},"88":{"start":{"line":89,"column":0},"end":{"line":89,"column":50}},"89":{"start":{"line":90,"column":0},"end":{"line":90,"column":20}},"90":{"start":{"line":91,"column":0},"end":{"line":91,"column":31}},"91":{"start":{"line":92,"column":0},"end":{"line":92,"column":34}},"92":{"start":{"line":93,"column":0},"end":{"line":93,"column":20}},"93":{"start":{"line":94,"column":0},"end":{"line":94,"column":10}},"94":{"start":{"line":95,"column":0},"end":{"line":95,"column":32}},"95":{"start":{"line":96,"column":0},"end":{"line":96,"column":65}},"96":{"start":{"line":97,"column":0},"end":{"line":97,"column":10}},"97":{"start":{"line":98,"column":0},"end":{"line":98,"column":6}},"98":{"start":{"line":99,"column":0},"end":{"line":99,"column":34}},"99":{"start":{"line":100,"column":0},"end":{"line":100,"column":31}},"100":{"start":{"line":101,"column":0},"end":{"line":101,"column":29}},"101":{"start":{"line":102,"column":0},"end":{"line":102,"column":32}},"102":{"start":{"line":103,"column":0},"end":{"line":103,"column":22}},"103":{"start":{"line":104,"column":0},"end":{"line":104,"column":20}},"104":{"start":{"line":105,"column":0},"end":{"line":105,"column":6}},"105":{"start":{"line":106,"column":0},"end":{"line":106,"column":4}},"106":{"start":{"line":107,"column":0},"end":{"line":107,"column":2}}},"s":{"0":1,"1":1,"2":1,"3":1,"4":1,"5":1,"6":1,"7":1,"8":1,"9":1,"10":1,"11":1,"12":1,"13":1,"14":1,"15":1,"16":1,"17":1,"18":1,"19":1,"20":1,"21":1,"22":1,"23":1,"24":1,"25":1,"26":1,"27":1,"28":9,"29":9,"30":9,"31":9,"32":9,"33":9,"34":9,"35":9,"36":9,"37":4,"38":4,"39":4,"40":4,"41":4,"42":2,"43":2,"44":4,"45":1,"46":1,"47":1,"48":1,"49":1,"50":1,"51":1,"52":1,"53":1,"54":4,"55":9,"56":9,"57":9,"58":5,"59":5,"60":5,"61":5,"62":5,"63":5,"64":4,"65":5,"66":2,"67":5,"68":9,"69":1,"70":1,"71":1,"72":9,"73":9,"74":9,"75":9,"76":9,"77":9,"78":9,"79":9,"80":3,"81":3,"82":3,"83":1,"84":2,"85":3,"86":9,"87":3,"88":2,"89":2,"90":2,"91":1,"92":1,"93":2,"94":2,"95":1,"96":2,"97":3,"98":9,"99":9,"100":1,"101":1,"102":1,"103":1,"104":1,"105":9,"106":9},"branchMap":{"0":{"type":"branch","line":28,"loc":{"start":{"line":28,"column":24},"end":{"line":107,"column":2}},"locations":[{"start":{"line":28,"column":24},"end":{"line":107,"column":2}}]},"1":{"type":"branch","line":37,"loc":{"start":{"line":37,"column":19},"end":{"line":55,"column":4}},"locations":[{"start":{"line":37,"column":19},"end":{"line":55,"column":4}}]},"2":{"type":"branch","line":42,"loc":{"start":{"line":42,"column":32},"end":{"line":45,"column":37}},"locations":[{"start":{"line":42,"column":32},"end":{"line":45,"column":37}}]},"3":{"type":"branch","line":45,"loc":{"start":{"line":45,"column":37},"end":{"line":54,"column":22}},"locations":[{"start":{"line":45,"column":37},"end":{"line":54,"column":22}}]},"4":{"type":"branch","line":40,"loc":{"start":{"line":40,"column":6},"end":{"line":40,"column":44}},"locations":[{"start":{"line":40,"column":6},"end":{"line":40,"column":44}}]},"5":{"type":"branch","line":58,"loc":{"start":{"line":58,"column":16},"end":{"line":68,"column":6}},"locations":[{"start":{"line":58,"column":16},"end":{"line":68,"column":6}}]},"6":{"type":"branch","line":64,"loc":{"start":{"line":64,"column":8},"end":{"line":64,"column":79}},"locations":[{"start":{"line":64,"column":8},"end":{"line":64,"column":79}}]},"7":{"type":"branch","line":64,"loc":{"start":{"line":64,"column":77},"end":{"line":66,"column":35}},"locations":[{"start":{"line":64,"column":77},"end":{"line":66,"column":35}}]},"8":{"type":"branch","line":66,"loc":{"start":{"line":66,"column":29},"end":{"line":67,"column":33}},"locations":[{"start":{"line":66,"column":29},"end":{"line":67,"column":33}}]},"9":{"type":"branch","line":69,"loc":{"start":{"line":69,"column":13},"end":{"line":72,"column":6}},"locations":[{"start":{"line":69,"column":13},"end":{"line":72,"column":6}}]},"10":{"type":"branch","line":79,"loc":{"start":{"line":79,"column":23},"end":{"line":79,"column":57}},"locations":[{"start":{"line":79,"column":23},"end":{"line":79,"column":57}}]},"11":{"type":"branch","line":80,"loc":{"start":{"line":80,"column":22},"end":{"line":86,"column":6}},"locations":[{"start":{"line":80,"column":22},"end":{"line":86,"column":6}}]},"12":{"type":"branch","line":83,"loc":{"start":{"line":83,"column":8},"end":{"line":85,"column":10}},"locations":[{"start":{"line":83,"column":8},"end":{"line":85,"column":10}}]},"13":{"type":"branch","line":81,"loc":{"start":{"line":81,"column":33},"end":{"line":81,"column":67}},"locations":[{"start":{"line":81,"column":33},"end":{"line":81,"column":67}}]},"14":{"type":"branch","line":83,"loc":{"start":{"line":83,"column":31},"end":{"line":84,"column":65}},"locations":[{"start":{"line":83,"column":31},"end":{"line":84,"column":65}}]},"15":{"type":"branch","line":87,"loc":{"start":{"line":87,"column":31},"end":{"line":98,"column":6}},"locations":[{"start":{"line":87,"column":31},"end":{"line":98,"column":6}}]},"16":{"type":"branch","line":88,"loc":{"start":{"line":88,"column":29},"end":{"line":88,"column":36}},"locations":[{"start":{"line":88,"column":29},"end":{"line":88,"column":36}}]},"17":{"type":"branch","line":88,"loc":{"start":{"line":88,"column":29},"end":{"line":97,"column":10}},"locations":[{"start":{"line":88,"column":29},"end":{"line":97,"column":10}}]},"18":{"type":"branch","line":91,"loc":{"start":{"line":91,"column":14},"end":{"line":94,"column":9}},"locations":[{"start":{"line":91,"column":14},"end":{"line":94,"column":9}}]},"19":{"type":"branch","line":95,"loc":{"start":{"line":95,"column":15},"end":{"line":96,"column":65}},"locations":[{"start":{"line":95,"column":15},"end":{"line":96,"column":65}}]},"20":{"type":"branch","line":100,"loc":{"start":{"line":100,"column":24},"end":{"line":105,"column":6}},"locations":[{"start":{"line":100,"column":24},"end":{"line":105,"column":6}}]}},"b":{"0":[9],"1":[4],"2":[2],"3":[1],"4":[5],"5":[5],"6":[1],"7":[4],"8":[2],"9":[1],"10":[1],"11":[3],"12":[2],"13":[4],"14":[1],"15":[3],"16":[1],"17":[2],"18":[1],"19":[1],"20":[1]},"fnMap":{"0":{"name":"useLogin","decl":{"start":{"line":28,"column":24},"end":{"line":107,"column":2}},"loc":{"start":{"line":28,"column":24},"end":{"line":107,"column":2}},"line":28},"1":{"name":"activate","decl":{"start":{"line":37,"column":19},"end":{"line":55,"column":4}},"loc":{"start":{"line":37,"column":19},"end":{"line":55,"column":4}},"line":37},"2":{"name":"mutationFn","decl":{"start":{"line":58,"column":16},"end":{"line":68,"column":6}},"loc":{"start":{"line":58,"column":16},"end":{"line":68,"column":6}},"line":58},"3":{"name":"onError","decl":{"start":{"line":69,"column":13},"end":{"line":72,"column":6}},"loc":{"start":{"line":69,"column":13},"end":{"line":72,"column":6}},"line":69},"4":{"name":"submitCredentials","decl":{"start":{"line":79,"column":23},"end":{"line":79,"column":57}},"loc":{"start":{"line":79,"column":23},"end":{"line":79,"column":57}},"line":79},"5":{"name":"selectMembership","decl":{"start":{"line":80,"column":22},"end":{"line":86,"column":6}},"loc":{"start":{"line":80,"column":22},"end":{"line":86,"column":6}},"line":80},"6":{"name":"selectBranchForMembership","decl":{"start":{"line":87,"column":31},"end":{"line":98,"column":6}},"loc":{"start":{"line":87,"column":31},"end":{"line":98,"column":6}},"line":87},"7":{"name":"resetToCredentials","decl":{"start":{"line":100,"column":24},"end":{"line":105,"column":6}},"loc":{"start":{"line":100,"column":24},"end":{"line":105,"column":6}},"line":100}},"f":{"0":9,"1":4,"2":5,"3":1,"4":1,"5":3,"6":3,"7":1}}
,"/mnt/data/servora_cov_work/apps/waiter-app/src/features/auth/pages/LoginPage.tsx": {"path":"/mnt/data/servora_cov_work/apps/waiter-app/src/features/auth/pages/LoginPage.tsx","all":false,"statementMap":{"0":{"start":{"line":1,"column":0},"end":{"line":1,"column":39}},"1":{"start":{"line":2,"column":0},"end":{"line":2,"column":58}},"2":{"start":{"line":3,"column":0},"end":{"line":3,"column":65}},"3":{"start":{"line":4,"column":0},"end":{"line":4,"column":75}},"4":{"start":{"line":5,"column":0},"end":{"line":5,"column":83}},"5":{"start":{"line":6,"column":0},"end":{"line":6,"column":0}},"6":{"start":{"line":7,"column":0},"end":{"line":7,"column":17}},"7":{"start":{"line":8,"column":0},"end":{"line":8,"column":22}},"8":{"start":{"line":9,"column":0},"end":{"line":9,"column":1}},"9":{"start":{"line":10,"column":0},"end":{"line":10,"column":50}},"10":{"start":{"line":11,"column":0},"end":{"line":11,"column":33}},"11":{"start":{"line":12,"column":0},"end":{"line":12,"column":10}},"12":{"start":{"line":13,"column":0},"end":{"line":13,"column":59}},"13":{"start":{"line":14,"column":0},"end":{"line":14,"column":74}},"14":{"start":{"line":15,"column":0},"end":{"line":15,"column":37}},"15":{"start":{"line":16,"column":0},"end":{"line":16,"column":120}},"16":{"start":{"line":17,"column":0},"end":{"line":17,"column":69}},"17":{"start":{"line":18,"column":0},"end":{"line":18,"column":16}},"18":{"start":{"line":19,"column":0},"end":{"line":19,"column":69}},"19":{"start":{"line":20,"column":0},"end":{"line":20,"column":22}},"20":{"start":{"line":21,"column":0},"end":{"line":21,"column":15}},"21":{"start":{"line":22,"column":0},"end":{"line":22,"column":65}},"22":{"start":{"line":23,"column":0},"end":{"line":23,"column":40}},"23":{"start":{"line":24,"column":0},"end":{"line":24,"column":48}},"24":{"start":{"line":25,"column":0},"end":{"line":25,"column":42}},"25":{"start":{"line":26,"column":0},"end":{"line":26,"column":40}},"26":{"start":{"line":27,"column":0},"end":{"line":27,"column":39}},"27":{"start":{"line":28,"column":0},"end":{"line":28,"column":14}},"28":{"start":{"line":29,"column":0},"end":{"line":29,"column":14}},"29":{"start":{"line":30,"column":0},"end":{"line":30,"column":12}},"30":{"start":{"line":31,"column":0},"end":{"line":31,"column":75}},"31":{"start":{"line":32,"column":0},"end":{"line":32,"column":49}},"32":{"start":{"line":33,"column":0},"end":{"line":33,"column":42}},"33":{"start":{"line":34,"column":0},"end":{"line":34,"column":22}},"34":{"start":{"line":35,"column":0},"end":{"line":35,"column":47}},"35":{"start":{"line":36,"column":0},"end":{"line":36,"column":38}},"36":{"start":{"line":37,"column":0},"end":{"line":37,"column":14}},"37":{"start":{"line":38,"column":0},"end":{"line":38,"column":44}},"38":{"start":{"line":39,"column":0},"end":{"line":39,"column":31}},"39":{"start":{"line":40,"column":0},"end":{"line":40,"column":44}},"40":{"start":{"line":41,"column":0},"end":{"line":41,"column":46}},"41":{"start":{"line":42,"column":0},"end":{"line":42,"column":14}},"42":{"start":{"line":43,"column":0},"end":{"line":43,"column":15}},"43":{"start":{"line":44,"column":0},"end":{"line":44,"column":27}},"44":{"start":{"line":45,"column":0},"end":{"line":45,"column":38}},"45":{"start":{"line":46,"column":0},"end":{"line":46,"column":55}},"46":{"start":{"line":47,"column":0},"end":{"line":47,"column":46}},"47":{"start":{"line":48,"column":0},"end":{"line":48,"column":14}},"48":{"start":{"line":49,"column":0},"end":{"line":49,"column":12}},"49":{"start":{"line":50,"column":0},"end":{"line":50,"column":14}},"50":{"start":{"line":51,"column":0},"end":{"line":51,"column":12}},"51":{"start":{"line":52,"column":0},"end":{"line":52,"column":10}},"52":{"start":{"line":53,"column":0},"end":{"line":53,"column":4}},"53":{"start":{"line":54,"column":0},"end":{"line":54,"column":2}}},"s":{"0":1,"1":1,"2":1,"3":1,"4":1,"5":1,"6":1,"7":1,"8":1,"9":1,"10":1,"11":1,"12":1,"13":1,"14":1,"15":1,"16":1,"17":1,"18":1,"19":1,"20":1,"21":1,"22":1,"23":1,"24":0,"25":0,"26":0,"27":1,"28":1,"29":1,"30":1,"31":1,"32":1,"33":1,"34":1,"35":1,"36":1,"37":0,"38":0,"39":0,"40":0,"41":0,"42":0,"43":0,"44":0,"45":0,"46":0,"47":0,"48":1,"49":1,"50":1,"51":1,"52":1,"53":1},"branchMap":{"0":{"type":"branch","line":10,"loc":{"start":{"line":10,"column":25},"end":{"line":54,"column":2}},"locations":[{"start":{"line":10,"column":25},"end":{"line":54,"column":2}}]},"1":{"type":"branch","line":24,"loc":{"start":{"line":24,"column":16},"end":{"line":27,"column":39}},"locations":[{"start":{"line":24,"column":16},"end":{"line":27,"column":39}}]},"2":{"type":"branch","line":37,"loc":{"start":{"line":37,"column":12},"end":{"line":48,"column":14}},"locations":[{"start":{"line":37,"column":12},"end":{"line":48,"column":14}}]}},"b":{"0":[1],"1":[0],"2":[0]},"fnMap":{"0":{"name":"LoginPage","decl":{"start":{"line":10,"column":25},"end":{"line":54,"column":2}},"loc":{"start":{"line":10,"column":25},"end":{"line":54,"column":2}},"line":10}},"f":{"0":1}}
}
